#
# A fatal error has been detected by the Java Runtime Environment:
#
#  EXCEPTION_ACCESS_VIOLATION (0xc0000005) at pc=0x0000000067752513, pid=17980, tid=3600
#
# JRE version: OpenJDK Runtime Environment AdoptOpenJDK (14.0.2+12) (build 14.0.2+12)
# Java VM: OpenJDK 64-Bit Server VM AdoptOpenJDK (14.0.2+12, mixed mode, sharing, tiered, compressed oops, g1 gc, windows-amd64)
# Problematic frame:
# C  [sqlite-3.34.0-0f8f580c-c9aa-434b-80c8-29fc8274636e-sqlitejdbc.dll+0x12513]
#
# No core dump will be written. Minidumps are not enabled by default on client versions of Windows
#
# If you would like to submit a bug report, please visit:
#   https://github.com/AdoptOpenJDK/openjdk-support/issues
# The crash happened outside the Java Virtual Machine in native code.
# See problematic frame for where to report the bug.
#

---------------  S U M M A R Y ------------

Command Line: -ea -Didea.test.cyclic.buffer.size=1048576 -javaagent:C:\Program Files\JetBrains\IntelliJ IDEA Community Edition 2020.3.2\lib\idea_rt.jar=52733:C:\Program Files\JetBrains\IntelliJ IDEA Community Edition 2020.3.2\bin -Dfile.encoding=UTF-8 com.intellij.rt.junit.JUnitStarter -ideVersion5 -junit5 @w@C:\Users\Leno\AppData\Local\Temp\idea_working_dirs_junit.tmp @C:\Users\Leno\AppData\Local\Temp\idea_junit.tmp -socket52732

Host: Intel(R) Core(TM) i5-6500 CPU @ 3.20GHz, 4 cores, 15G,  Windows 10 , 64 bit Build 19041 (10.0.19041.804)
Time: Fri Apr 16 15:30:17 2021 Romance Daylight Time elapsed time: 8 seconds (0d 0h 0m 8s)

---------------  T H R E A D  ---------------

Current thread (0x00000287d98b8800):  JavaThread "Thread-2" [_thread_in_native, id=3600, stack(0x0000009feb900000,0x0000009feba00000)]

Stack: [0x0000009feb900000,0x0000009feba00000],  sp=0x0000009feb9ff110,  free space=1020k
Native frames: (J=compiled Java code, j=interpreted, Vv=VM code, C=native code)
C  [sqlite-3.34.0-0f8f580c-c9aa-434b-80c8-29fc8274636e-sqlitejdbc.dll+0x12513]

Java frames: (J=compiled Java code, j=interpreted, Vv=VM code)
j  org.sqlite.core.NativeDB.column_long(JI)J+0
j  org.sqlite.jdbc3.JDBC3ResultSet.getLong(I)J+18
j  org.sqlite.jdbc3.JDBC3ResultSet.getLong(Ljava/lang/String;)J+6
j  com.group3.monitorClient.messenger.Messenger.SendMessage()V+402
j  com.group3.monitorClient.messenger.Messenger.run()V+30
j  java.lang.Thread.run()V+11 java.base@14.0.2
v  ~StubRoutines::call_stub

siginfo: EXCEPTION_ACCESS_VIOLATION (0xc0000005), reading address 0x00000287dabd4bf8


Register to memory mapping:

RIP=0x0000000067752513 sqlite-3.34.0-0f8f580c-c9aa-434b-80c8-29fc8274636e-sqlitejdbc.dll
RAX=0x00000000677f66c0 sqlite-3.34.0-0f8f580c-c9aa-434b-80c8-29fc8274636e-sqlitejdbc.dll
RBX=0x0 is NULL
RCX=0x00000287dabd4bf8 is an unknown value
RDX=0x0 is NULL
RSP=0x0000009feb9ff110 is pointing into the stack for thread: 0x00000287d98b8800
RBP=0x0000009feb9ff230 is pointing into the stack for thread: 0x00000287d98b8800
RSI=0x00000287dabd4bf8 is an unknown value
RDI=0x00000000000036fe is an unknown value
R8 =0x00000287dabd4bf8 is an unknown value
R9 =0x0 is NULL
R10=0x00000287bd340085 is at code_begin+1477 in an Interpreter codelet
method entry point (kind = native_synchronized)  [0x00000287bd33fac0, 0x00000287bd340740]  3200 bytes
R11=0x0000000000000121 is an unknown value
R12=0x0 is NULL
R13={method} {0x00000287da645478} 'column_long' '(JI)J' in 'org/sqlite/core/NativeDB'
R14=0x0000009feb9ff268 is pointing into the stack for thread: 0x00000287d98b8800
R15=0x00000287d98b8800 is a thread


Registers:
RAX=0x00000000677f66c0, RBX=0x0000000000000000, RCX=0x00000287dabd4bf8, RDX=0x0000000000000000
RSP=0x0000009feb9ff110, RBP=0x0000009feb9ff230, RSI=0x00000287dabd4bf8, RDI=0x00000000000036fe
R8 =0x00000287dabd4bf8, R9 =0x0000000000000000, R10=0x00000287bd340085, R11=0x0000000000000121
R12=0x0000000000000000, R13=0x00000287da645470, R14=0x0000009feb9ff268, R15=0x00000287d98b8800
RIP=0x0000000067752513, EFLAGS=0x0000000000010202

Top of Stack: (sp=0x0000009feb9ff110)
0x0000009feb9ff110:   0000009feb9ff1d8 00000287da645470
0x0000009feb9ff120:   0000000000000000 0000009feb9ff1d8
0x0000009feb9ff130:   00000287d7f71602 00000287dabd4bf8
0x0000009feb9ff140:   00000287d7fd8ad0 000000006775259b
0x0000009feb9ff150:   00000287d8891b00 0000028700000005
0x0000009feb9ff160:   0000028700000002 00000287d95d9d50
0x0000009feb9ff170:   0000009feb9ff268 00007ff9d320b383
0x0000009feb9ff180:   00000287da645470 00000287bd3400b4
0x0000009feb9ff190:   00000287d95d9650 0000009feb9ff1e8
0x0000009feb9ff1a0:   00000000000036fe 00000287bd33fddd
0x0000009feb9ff1b0:   0000000000000002 0000009feb9ff230
0x0000009feb9ff1c0:   00000287d7fd8ad0 0000009feb9ff1e0
0x0000009feb9ff1d0:   00000287bd33fd84 0000000000000003
0x0000009feb9ff1e0:   00000007113ea808 0000009feb9ff1d8
0x0000009feb9ff1f0:   00000287da645470 0000009feb9ff268
0x0000009feb9ff200:   00000287da9ccf50 0000000000000000 

Instructions: (pc=0x0000000067752513)
0x0000000067752413:   5b 5e 5f 5d e9 a6 a6 ff ff 56 53 48 83 ec 28 48
0x0000000067752423:   8b 31 48 89 cb 48 89 ca 48 89 f1 e8 24 ff ff ff
0x0000000067752433:   48 8b 43 08 48 8b 53 10 48 85 c0 74 06 48 89 50
0x0000000067752443:   10 eb 04 48 89 56 08 48 8b 53 10 48 85 d2 74 04
0x0000000067752453:   48 89 42 08 48 89 da 48 89 f1 c7 43 24 c8 c3 06
0x0000000067752463:   56 48 c7 03 00 00 00 00 48 83 c4 28 5b 5e e9 f1
0x0000000067752473:   a5 ff ff 56 53 48 83 ec 38 83 fa 63 48 89 ce 75
0x0000000067752483:   4c 48 8b 19 48 8b 4b 18 e8 61 18 ff ff 48 8d 44
0x0000000067752493:   24 2c 48 89 f2 48 89 d9 c7 44 24 2c 00 00 00 00
0x00000000677524a3:   48 89 83 d8 02 00 00 e8 a8 fe ff ff 48 89 d9 48
0x00000000677524b3:   89 f2 e8 08 a6 ff ff 48 8b 4b 18 48 c7 83 d8 02
0x00000000677524c3:   00 00 00 00 00 00 e8 3f 18 ff ff eb 20 48 63 d2
0x00000000677524d3:   45 85 c0 48 8d 04 91 8b 90 d4 00 00 00 89 54 24
0x00000000677524e3:   2c 74 0a c7 80 d4 00 00 00 00 00 00 00 8b 44 24
0x00000000677524f3:   2c 48 83 c4 38 5b 5e c3 56 53 48 83 ec 28 48 8d
0x0000000067752503:   05 b8 41 0a 00 48 85 c9 48 89 ce 48 63 da 74 47
0x0000000067752513:   48 8b 01 48 8b 48 18 e8 d2 17 ff ff 48 8b 86 a0
0x0000000067752523:   00 00 00 48 85 c0 74 1b 0f b7 96 c0 00 00 00 39
0x0000000067752533:   da 7e 10 89 da 83 ea 00 78 09 48 6b db 38 48 01
0x0000000067752543:   d8 eb 14 48 8b 0e ba 19 00 00 00 e8 8c b4 ff ff
0x0000000067752553:   48 8d 05 66 41 0a 00 48 83 c4 28 5b 5e c3 53 48
0x0000000067752563:   83 ec 30 48 89 cb e8 8d ff ff ff 48 89 c1 e8 d4
0x0000000067752573:   bc ff ff 48 89 d9 48 89 44 24 28 e8 7a f7 ff ff
0x0000000067752583:   48 8b 44 24 28 48 83 c4 30 5b c3 53 48 83 ec 30
0x0000000067752593:   48 89 cb e8 60 ff ff ff 48 89 c1 e8 a7 bc ff ff
0x00000000677525a3:   48 89 d9 48 89 44 24 28 e8 4d f7 ff ff 48 8b 44
0x00000000677525b3:   24 28 48 83 c4 30 5b c3 53 48 83 ec 30 48 89 cb
0x00000000677525c3:   e8 33 ff ff ff 8b 50 08 f6 c6 08 74 0a 80 e6 f7
0x00000000677525d3:   80 ce 10 66 89 50 08 48 89 d9 48 89 44 24 28 e8
0x00000000677525e3:   16 f7 ff ff 48 8b 44 24 28 48 83 c4 30 5b c3 56
0x00000000677525f3:   53 48 83 ec 28 48 89 cb e8 fb fe ff ff 8b 40 08
0x0000000067752603:   48 8d 15 56 57 0a 00 48 89 d9 83 e0 3f 0f b6 34 


Stack slot to memory mapping:
stack at sp + 0 slots: 0x0000009feb9ff1d8 is pointing into the stack for thread: 0x00000287d98b8800
stack at sp + 1 slots: {method} {0x00000287da645478} 'column_long' '(JI)J' in 'org/sqlite/core/NativeDB'
stack at sp + 2 slots: 0x0 is NULL
stack at sp + 3 slots: 0x0000009feb9ff1d8 is pointing into the stack for thread: 0x00000287d98b8800
stack at sp + 4 slots: 0x00000287d7f71602 points into unknown readable memory: 00 00 00 00 00 00
stack at sp + 5 slots: 0x00000287dabd4bf8 is an unknown value
stack at sp + 6 slots: 0x00000287d7fd8ad0 is pointing into metadata
stack at sp + 7 slots: 0x000000006775259b sqlite-3.34.0-0f8f580c-c9aa-434b-80c8-29fc8274636e-sqlitejdbc.dll


---------------  P R O C E S S  ---------------

Threads class SMR info:
_java_thread_list=0x00000287d9904820, length=14, elements={
0x00000287b48ba000, 0x00000287d7f66800, 0x00000287d7f67800, 0x00000287d7f80000,
0x00000287d7f83800, 0x00000287d7f86000, 0x00000287d7f87000, 0x00000287d7f8a800,
0x00000287d888b800, 0x00000287d8810800, 0x00000287d8997800, 0x00000287d8998800,
0x00000287d98b8800, 0x00000287d9e32800
}

Java Threads: ( => current thread )
  0x00000287b48ba000 JavaThread "main" [_thread_in_native, id=17820, stack(0x0000009fea900000,0x0000009feaa00000)]
  0x00000287d7f66800 JavaThread "Reference Handler" daemon [_thread_blocked, id=8436, stack(0x0000009feb000000,0x0000009feb100000)]
  0x00000287d7f67800 JavaThread "Finalizer" daemon [_thread_blocked, id=20868, stack(0x0000009feb100000,0x0000009feb200000)]
  0x00000287d7f80000 JavaThread "Signal Dispatcher" daemon [_thread_blocked, id=23188, stack(0x0000009feb200000,0x0000009feb300000)]
  0x00000287d7f83800 JavaThread "Attach Listener" daemon [_thread_blocked, id=17860, stack(0x0000009feb300000,0x0000009feb400000)]
  0x00000287d7f86000 JavaThread "Service Thread" daemon [_thread_blocked, id=20980, stack(0x0000009feb400000,0x0000009feb500000)]
  0x00000287d7f87000 JavaThread "C2 CompilerThread0" daemon [_thread_blocked, id=10928, stack(0x0000009feb500000,0x0000009feb600000)]
  0x00000287d7f8a800 JavaThread "C1 CompilerThread0" daemon [_thread_blocked, id=13484, stack(0x0000009feb600000,0x0000009feb700000)]
  0x00000287d888b800 JavaThread "Sweeper thread" daemon [_thread_blocked, id=1876, stack(0x0000009feb700000,0x0000009feb800000)]
  0x00000287d8810800 JavaThread "Common-Cleaner" daemon [_thread_blocked, id=26360, stack(0x0000009feb800000,0x0000009feb900000)]
  0x00000287d8997800 JavaThread "Monitor Ctrl-Break" daemon [_thread_in_native, id=6396, stack(0x0000009feba00000,0x0000009febb00000)]
  0x00000287d8998800 JavaThread "Notification Thread" daemon [_thread_blocked, id=24396, stack(0x0000009febb00000,0x0000009febc00000)]
=>0x00000287d98b8800 JavaThread "Thread-2" [_thread_in_native, id=3600, stack(0x0000009feb900000,0x0000009feba00000)]
  0x00000287d9e32800 JavaThread "Thread-3" [_thread_blocked, id=5528, stack(0x0000009fec000000,0x0000009fec100000)]

Other Threads:
  0x00000287d7f64800 VMThread "VM Thread" [stack: 0x0000009feaf00000,0x0000009feb000000] [id=12388]
  0x00000287d8999800 WatcherThread [stack: 0x0000009febc00000,0x0000009febd00000] [id=17004]
  0x00000287b4920800 GCTaskThread "GC Thread#0" [stack: 0x0000009feaa00000,0x0000009feab00000] [id=22524]
  0x00000287d9350000 GCTaskThread "GC Thread#1" [stack: 0x0000009febd00000,0x0000009febe00000] [id=15004]
  0x00000287d979b800 GCTaskThread "GC Thread#2" [stack: 0x0000009febe00000,0x0000009febf00000] [id=22792]
  0x00000287d910b000 GCTaskThread "GC Thread#3" [stack: 0x0000009febf00000,0x0000009fec000000] [id=12568]
  0x00000287b4942000 ConcurrentGCThread "G1 Main Marker" [stack: 0x0000009feab00000,0x0000009feac00000] [id=19532]
  0x00000287b4943000 ConcurrentGCThread "G1 Conc#0" [stack: 0x0000009feac00000,0x0000009fead00000] [id=12148]
  0x00000287d7e4f800 ConcurrentGCThread "G1 Refine#0" [stack: 0x0000009fead00000,0x0000009feae00000] [id=23804]
  0x00000287d7e51000 ConcurrentGCThread "G1 Young RemSet Sampling" [stack: 0x0000009feae00000,0x0000009feaf00000] [id=24784]

Threads with active compile tasks:

VM state:not at safepoint (normal execution)

VM Mutex/Monitor currently owned by a thread: None

Heap address: 0x0000000701c00000, size: 4068 MB, Compressed Oops mode: Zero based, Oop shift amount: 3
Narrow klass base: 0x0000000800000000, Narrow klass shift: 3
Compressed class space size: 1073741824 Address: 0x0000000800b30000

Heap:
 garbage-first heap   total 262144K, used 19334K [0x0000000701c00000, 0x0000000800000000)
  region size 1024K, 15 young (15360K), 4 survivors (4096K)
 Metaspace       used 12523K, capacity 13131K, committed 13312K, reserved 1060864K
  class space    used 1466K, capacity 1701K, committed 1792K, reserved 1048576K
Heap Regions: E=young(eden), S=young(survivor), O=old, HS=humongous(starts), HC=humongous(continues), CS=collection set, F=free, OA=open archive, CA=closed archive, TAMS=top-at-mark-start (previous, next)
|   0|0x0000000701c00000, 0x0000000701d00000, 0x0000000701d00000|100%|HS|  |TAMS 0x0000000701c00000, 0x0000000701c00000| Complete 
|   1|0x0000000701d00000, 0x0000000701e00000, 0x0000000701e00000|100%| O|  |TAMS 0x0000000701d00000, 0x0000000701d00000| Untracked 
|   2|0x0000000701e00000, 0x0000000701f00000, 0x0000000701f00000|100%| O|  |TAMS 0x0000000701e00000, 0x0000000701e00000| Untracked 
|   3|0x0000000701f00000, 0x0000000702000000, 0x0000000702000000|100%| O|  |TAMS 0x0000000701f00000, 0x0000000701f00000| Untracked 
|   4|0x0000000702000000, 0x0000000702100000, 0x0000000702100000|100%| O|  |TAMS 0x0000000702000000, 0x0000000702000000| Untracked 
|   5|0x0000000702100000, 0x00000007021c1600, 0x0000000702200000| 75%| O|  |TAMS 0x0000000702100000, 0x0000000702100000| Untracked 
|   6|0x0000000702200000, 0x0000000702200000, 0x0000000702300000|  0%| F|  |TAMS 0x0000000702200000, 0x0000000702200000| Untracked 
|   7|0x0000000702300000, 0x0000000702300000, 0x0000000702400000|  0%| F|  |TAMS 0x0000000702300000, 0x0000000702300000| Untracked 
|   8|0x0000000702400000, 0x0000000702400000, 0x0000000702500000|  0%| F|  |TAMS 0x0000000702400000, 0x0000000702400000| Untracked 
|   9|0x0000000702500000, 0x0000000702500000, 0x0000000702600000|  0%| F|  |TAMS 0x0000000702500000, 0x0000000702500000| Untracked 
|  10|0x0000000702600000, 0x0000000702600000, 0x0000000702700000|  0%| F|  |TAMS 0x0000000702600000, 0x0000000702600000| Untracked 
|  11|0x0000000702700000, 0x0000000702700000, 0x0000000702800000|  0%| F|  |TAMS 0x0000000702700000, 0x0000000702700000| Untracked 
|  12|0x0000000702800000, 0x0000000702800000, 0x0000000702900000|  0%| F|  |TAMS 0x0000000702800000, 0x0000000702800000| Untracked 
|  13|0x0000000702900000, 0x0000000702900000, 0x0000000702a00000|  0%| F|  |TAMS 0x0000000702900000, 0x0000000702900000| Untracked 
|  14|0x0000000702a00000, 0x0000000702a00000, 0x0000000702b00000|  0%| F|  |TAMS 0x0000000702a00000, 0x0000000702a00000| Untracked 
|  15|0x0000000702b00000, 0x0000000702b00000, 0x0000000702c00000|  0%| F|  |TAMS 0x0000000702b00000, 0x0000000702b00000| Untracked 
|  16|0x0000000702c00000, 0x0000000702c00000, 0x0000000702d00000|  0%| F|  |TAMS 0x0000000702c00000, 0x0000000702c00000| Untracked 
|  17|0x0000000702d00000, 0x0000000702d00000, 0x0000000702e00000|  0%| F|  |TAMS 0x0000000702d00000, 0x0000000702d00000| Untracked 
|  18|0x0000000702e00000, 0x0000000702e00000, 0x0000000702f00000|  0%| F|  |TAMS 0x0000000702e00000, 0x0000000702e00000| Untracked 
|  19|0x0000000702f00000, 0x0000000702f00000, 0x0000000703000000|  0%| F|  |TAMS 0x0000000702f00000, 0x0000000702f00000| Untracked 
|  20|0x0000000703000000, 0x0000000703000000, 0x0000000703100000|  0%| F|  |TAMS 0x0000000703000000, 0x0000000703000000| Untracked 
|  21|0x0000000703100000, 0x0000000703100000, 0x0000000703200000|  0%| F|  |TAMS 0x0000000703100000, 0x0000000703100000| Untracked 
|  22|0x0000000703200000, 0x0000000703200000, 0x0000000703300000|  0%| F|  |TAMS 0x0000000703200000, 0x0000000703200000| Untracked 
|  23|0x0000000703300000, 0x0000000703300000, 0x0000000703400000|  0%| F|  |TAMS 0x0000000703300000, 0x0000000703300000| Untracked 
|  24|0x0000000703400000, 0x0000000703400000, 0x0000000703500000|  0%| F|  |TAMS 0x0000000703400000, 0x0000000703400000| Untracked 
|  25|0x0000000703500000, 0x0000000703500000, 0x0000000703600000|  0%| F|  |TAMS 0x0000000703500000, 0x0000000703500000| Untracked 
|  26|0x0000000703600000, 0x0000000703600000, 0x0000000703700000|  0%| F|  |TAMS 0x0000000703600000, 0x0000000703600000| Untracked 
|  27|0x0000000703700000, 0x0000000703700000, 0x0000000703800000|  0%| F|  |TAMS 0x0000000703700000, 0x0000000703700000| Untracked 
|  28|0x0000000703800000, 0x0000000703800000, 0x0000000703900000|  0%| F|  |TAMS 0x0000000703800000, 0x0000000703800000| Untracked 
|  29|0x0000000703900000, 0x0000000703900000, 0x0000000703a00000|  0%| F|  |TAMS 0x0000000703900000, 0x0000000703900000| Untracked 
|  30|0x0000000703a00000, 0x0000000703a00000, 0x0000000703b00000|  0%| F|  |TAMS 0x0000000703a00000, 0x0000000703a00000| Untracked 
|  31|0x0000000703b00000, 0x0000000703b00000, 0x0000000703c00000|  0%| F|  |TAMS 0x0000000703b00000, 0x0000000703b00000| Untracked 
|  32|0x0000000703c00000, 0x0000000703c00000, 0x0000000703d00000|  0%| F|  |TAMS 0x0000000703c00000, 0x0000000703c00000| Untracked 
|  33|0x0000000703d00000, 0x0000000703d00000, 0x0000000703e00000|  0%| F|  |TAMS 0x0000000703d00000, 0x0000000703d00000| Untracked 
|  34|0x0000000703e00000, 0x0000000703e00000, 0x0000000703f00000|  0%| F|  |TAMS 0x0000000703e00000, 0x0000000703e00000| Untracked 
|  35|0x0000000703f00000, 0x0000000703f00000, 0x0000000704000000|  0%| F|  |TAMS 0x0000000703f00000, 0x0000000703f00000| Untracked 
|  36|0x0000000704000000, 0x0000000704000000, 0x0000000704100000|  0%| F|  |TAMS 0x0000000704000000, 0x0000000704000000| Untracked 
|  37|0x0000000704100000, 0x0000000704100000, 0x0000000704200000|  0%| F|  |TAMS 0x0000000704100000, 0x0000000704100000| Untracked 
|  38|0x0000000704200000, 0x0000000704200000, 0x0000000704300000|  0%| F|  |TAMS 0x0000000704200000, 0x0000000704200000| Untracked 
|  39|0x0000000704300000, 0x0000000704300000, 0x0000000704400000|  0%| F|  |TAMS 0x0000000704300000, 0x0000000704300000| Untracked 
|  40|0x0000000704400000, 0x0000000704400000, 0x0000000704500000|  0%| F|  |TAMS 0x0000000704400000, 0x0000000704400000| Untracked 
|  41|0x0000000704500000, 0x0000000704500000, 0x0000000704600000|  0%| F|  |TAMS 0x0000000704500000, 0x0000000704500000| Untracked 
|  42|0x0000000704600000, 0x0000000704600000, 0x0000000704700000|  0%| F|  |TAMS 0x0000000704600000, 0x0000000704600000| Untracked 
|  43|0x0000000704700000, 0x0000000704700000, 0x0000000704800000|  0%| F|  |TAMS 0x0000000704700000, 0x0000000704700000| Untracked 
|  44|0x0000000704800000, 0x0000000704800000, 0x0000000704900000|  0%| F|  |TAMS 0x0000000704800000, 0x0000000704800000| Untracked 
|  45|0x0000000704900000, 0x0000000704900000, 0x0000000704a00000|  0%| F|  |TAMS 0x0000000704900000, 0x0000000704900000| Untracked 
|  46|0x0000000704a00000, 0x0000000704a00000, 0x0000000704b00000|  0%| F|  |TAMS 0x0000000704a00000, 0x0000000704a00000| Untracked 
|  47|0x0000000704b00000, 0x0000000704b00000, 0x0000000704c00000|  0%| F|  |TAMS 0x0000000704b00000, 0x0000000704b00000| Untracked 
|  48|0x0000000704c00000, 0x0000000704c00000, 0x0000000704d00000|  0%| F|  |TAMS 0x0000000704c00000, 0x0000000704c00000| Untracked 
|  49|0x0000000704d00000, 0x0000000704d00000, 0x0000000704e00000|  0%| F|  |TAMS 0x0000000704d00000, 0x0000000704d00000| Untracked 
|  50|0x0000000704e00000, 0x0000000704e00000, 0x0000000704f00000|  0%| F|  |TAMS 0x0000000704e00000, 0x0000000704e00000| Untracked 
|  51|0x0000000704f00000, 0x0000000704f00000, 0x0000000705000000|  0%| F|  |TAMS 0x0000000704f00000, 0x0000000704f00000| Untracked 
|  52|0x0000000705000000, 0x0000000705000000, 0x0000000705100000|  0%| F|  |TAMS 0x0000000705000000, 0x0000000705000000| Untracked 
|  53|0x0000000705100000, 0x0000000705100000, 0x0000000705200000|  0%| F|  |TAMS 0x0000000705100000, 0x0000000705100000| Untracked 
|  54|0x0000000705200000, 0x0000000705200000, 0x0000000705300000|  0%| F|  |TAMS 0x0000000705200000, 0x0000000705200000| Untracked 
|  55|0x0000000705300000, 0x0000000705300000, 0x0000000705400000|  0%| F|  |TAMS 0x0000000705300000, 0x0000000705300000| Untracked 
|  56|0x0000000705400000, 0x0000000705400000, 0x0000000705500000|  0%| F|  |TAMS 0x0000000705400000, 0x0000000705400000| Untracked 
|  57|0x0000000705500000, 0x0000000705500000, 0x0000000705600000|  0%| F|  |TAMS 0x0000000705500000, 0x0000000705500000| Untracked 
|  58|0x0000000705600000, 0x0000000705600000, 0x0000000705700000|  0%| F|  |TAMS 0x0000000705600000, 0x0000000705600000| Untracked 
|  59|0x0000000705700000, 0x0000000705700000, 0x0000000705800000|  0%| F|  |TAMS 0x0000000705700000, 0x0000000705700000| Untracked 
|  60|0x0000000705800000, 0x0000000705800000, 0x0000000705900000|  0%| F|  |TAMS 0x0000000705800000, 0x0000000705800000| Untracked 
|  61|0x0000000705900000, 0x0000000705900000, 0x0000000705a00000|  0%| F|  |TAMS 0x0000000705900000, 0x0000000705900000| Untracked 
|  62|0x0000000705a00000, 0x0000000705a00000, 0x0000000705b00000|  0%| F|  |TAMS 0x0000000705a00000, 0x0000000705a00000| Untracked 
|  63|0x0000000705b00000, 0x0000000705b00000, 0x0000000705c00000|  0%| F|  |TAMS 0x0000000705b00000, 0x0000000705b00000| Untracked 
|  64|0x0000000705c00000, 0x0000000705c00000, 0x0000000705d00000|  0%| F|  |TAMS 0x0000000705c00000, 0x0000000705c00000| Untracked 
|  65|0x0000000705d00000, 0x0000000705d00000, 0x0000000705e00000|  0%| F|  |TAMS 0x0000000705d00000, 0x0000000705d00000| Untracked 
|  66|0x0000000705e00000, 0x0000000705e00000, 0x0000000705f00000|  0%| F|  |TAMS 0x0000000705e00000, 0x0000000705e00000| Untracked 
|  67|0x0000000705f00000, 0x0000000705f00000, 0x0000000706000000|  0%| F|  |TAMS 0x0000000705f00000, 0x0000000705f00000| Untracked 
|  68|0x0000000706000000, 0x0000000706000000, 0x0000000706100000|  0%| F|  |TAMS 0x0000000706000000, 0x0000000706000000| Untracked 
|  69|0x0000000706100000, 0x0000000706100000, 0x0000000706200000|  0%| F|  |TAMS 0x0000000706100000, 0x0000000706100000| Untracked 
|  70|0x0000000706200000, 0x0000000706200000, 0x0000000706300000|  0%| F|  |TAMS 0x0000000706200000, 0x0000000706200000| Untracked 
|  71|0x0000000706300000, 0x0000000706300000, 0x0000000706400000|  0%| F|  |TAMS 0x0000000706300000, 0x0000000706300000| Untracked 
|  72|0x0000000706400000, 0x0000000706400000, 0x0000000706500000|  0%| F|  |TAMS 0x0000000706400000, 0x0000000706400000| Untracked 
|  73|0x0000000706500000, 0x0000000706500000, 0x0000000706600000|  0%| F|  |TAMS 0x0000000706500000, 0x0000000706500000| Untracked 
|  74|0x0000000706600000, 0x0000000706600000, 0x0000000706700000|  0%| F|  |TAMS 0x0000000706600000, 0x0000000706600000| Untracked 
|  75|0x0000000706700000, 0x0000000706700000, 0x0000000706800000|  0%| F|  |TAMS 0x0000000706700000, 0x0000000706700000| Untracked 
|  76|0x0000000706800000, 0x0000000706800000, 0x0000000706900000|  0%| F|  |TAMS 0x0000000706800000, 0x0000000706800000| Untracked 
|  77|0x0000000706900000, 0x0000000706900000, 0x0000000706a00000|  0%| F|  |TAMS 0x0000000706900000, 0x0000000706900000| Untracked 
|  78|0x0000000706a00000, 0x0000000706a00000, 0x0000000706b00000|  0%| F|  |TAMS 0x0000000706a00000, 0x0000000706a00000| Untracked 
|  79|0x0000000706b00000, 0x0000000706b00000, 0x0000000706c00000|  0%| F|  |TAMS 0x0000000706b00000, 0x0000000706b00000| Untracked 
|  80|0x0000000706c00000, 0x0000000706c00000, 0x0000000706d00000|  0%| F|  |TAMS 0x0000000706c00000, 0x0000000706c00000| Untracked 
|  81|0x0000000706d00000, 0x0000000706d00000, 0x0000000706e00000|  0%| F|  |TAMS 0x0000000706d00000, 0x0000000706d00000| Untracked 
|  82|0x0000000706e00000, 0x0000000706e00000, 0x0000000706f00000|  0%| F|  |TAMS 0x0000000706e00000, 0x0000000706e00000| Untracked 
|  83|0x0000000706f00000, 0x0000000706f00000, 0x0000000707000000|  0%| F|  |TAMS 0x0000000706f00000, 0x0000000706f00000| Untracked 
|  84|0x0000000707000000, 0x0000000707000000, 0x0000000707100000|  0%| F|  |TAMS 0x0000000707000000, 0x0000000707000000| Untracked 
|  85|0x0000000707100000, 0x0000000707100000, 0x0000000707200000|  0%| F|  |TAMS 0x0000000707100000, 0x0000000707100000| Untracked 
|  86|0x0000000707200000, 0x0000000707200000, 0x0000000707300000|  0%| F|  |TAMS 0x0000000707200000, 0x0000000707200000| Untracked 
|  87|0x0000000707300000, 0x0000000707300000, 0x0000000707400000|  0%| F|  |TAMS 0x0000000707300000, 0x0000000707300000| Untracked 
|  88|0x0000000707400000, 0x0000000707400000, 0x0000000707500000|  0%| F|  |TAMS 0x0000000707400000, 0x0000000707400000| Untracked 
|  89|0x0000000707500000, 0x0000000707500000, 0x0000000707600000|  0%| F|  |TAMS 0x0000000707500000, 0x0000000707500000| Untracked 
|  90|0x0000000707600000, 0x0000000707600000, 0x0000000707700000|  0%| F|  |TAMS 0x0000000707600000, 0x0000000707600000| Untracked 
|  91|0x0000000707700000, 0x0000000707700000, 0x0000000707800000|  0%| F|  |TAMS 0x0000000707700000, 0x0000000707700000| Untracked 
|  92|0x0000000707800000, 0x0000000707800000, 0x0000000707900000|  0%| F|  |TAMS 0x0000000707800000, 0x0000000707800000| Untracked 
|  93|0x0000000707900000, 0x0000000707900000, 0x0000000707a00000|  0%| F|  |TAMS 0x0000000707900000, 0x0000000707900000| Untracked 
|  94|0x0000000707a00000, 0x0000000707a00000, 0x0000000707b00000|  0%| F|  |TAMS 0x0000000707a00000, 0x0000000707a00000| Untracked 
|  95|0x0000000707b00000, 0x0000000707b00000, 0x0000000707c00000|  0%| F|  |TAMS 0x0000000707b00000, 0x0000000707b00000| Untracked 
|  96|0x0000000707c00000, 0x0000000707c00000, 0x0000000707d00000|  0%| F|  |TAMS 0x0000000707c00000, 0x0000000707c00000| Untracked 
|  97|0x0000000707d00000, 0x0000000707d00000, 0x0000000707e00000|  0%| F|  |TAMS 0x0000000707d00000, 0x0000000707d00000| Untracked 
|  98|0x0000000707e00000, 0x0000000707e00000, 0x0000000707f00000|  0%| F|  |TAMS 0x0000000707e00000, 0x0000000707e00000| Untracked 
|  99|0x0000000707f00000, 0x0000000707f00000, 0x0000000708000000|  0%| F|  |TAMS 0x0000000707f00000, 0x0000000707f00000| Untracked 
| 100|0x0000000708000000, 0x0000000708000000, 0x0000000708100000|  0%| F|  |TAMS 0x0000000708000000, 0x0000000708000000| Untracked 
| 101|0x0000000708100000, 0x0000000708100000, 0x0000000708200000|  0%| F|  |TAMS 0x0000000708100000, 0x0000000708100000| Untracked 
| 102|0x0000000708200000, 0x0000000708200000, 0x0000000708300000|  0%| F|  |TAMS 0x0000000708200000, 0x0000000708200000| Untracked 
| 103|0x0000000708300000, 0x0000000708300000, 0x0000000708400000|  0%| F|  |TAMS 0x0000000708300000, 0x0000000708300000| Untracked 
| 104|0x0000000708400000, 0x0000000708400000, 0x0000000708500000|  0%| F|  |TAMS 0x0000000708400000, 0x0000000708400000| Untracked 
| 105|0x0000000708500000, 0x0000000708500000, 0x0000000708600000|  0%| F|  |TAMS 0x0000000708500000, 0x0000000708500000| Untracked 
| 106|0x0000000708600000, 0x0000000708600000, 0x0000000708700000|  0%| F|  |TAMS 0x0000000708600000, 0x0000000708600000| Untracked 
| 107|0x0000000708700000, 0x0000000708700000, 0x0000000708800000|  0%| F|  |TAMS 0x0000000708700000, 0x0000000708700000| Untracked 
| 108|0x0000000708800000, 0x0000000708800000, 0x0000000708900000|  0%| F|  |TAMS 0x0000000708800000, 0x0000000708800000| Untracked 
| 109|0x0000000708900000, 0x0000000708900000, 0x0000000708a00000|  0%| F|  |TAMS 0x0000000708900000, 0x0000000708900000| Untracked 
| 110|0x0000000708a00000, 0x0000000708a00000, 0x0000000708b00000|  0%| F|  |TAMS 0x0000000708a00000, 0x0000000708a00000| Untracked 
| 111|0x0000000708b00000, 0x0000000708b00000, 0x0000000708c00000|  0%| F|  |TAMS 0x0000000708b00000, 0x0000000708b00000| Untracked 
| 112|0x0000000708c00000, 0x0000000708c00000, 0x0000000708d00000|  0%| F|  |TAMS 0x0000000708c00000, 0x0000000708c00000| Untracked 
| 113|0x0000000708d00000, 0x0000000708d00000, 0x0000000708e00000|  0%| F|  |TAMS 0x0000000708d00000, 0x0000000708d00000| Untracked 
| 114|0x0000000708e00000, 0x0000000708e00000, 0x0000000708f00000|  0%| F|  |TAMS 0x0000000708e00000, 0x0000000708e00000| Untracked 
| 115|0x0000000708f00000, 0x0000000708f00000, 0x0000000709000000|  0%| F|  |TAMS 0x0000000708f00000, 0x0000000708f00000| Untracked 
| 116|0x0000000709000000, 0x0000000709000000, 0x0000000709100000|  0%| F|  |TAMS 0x0000000709000000, 0x0000000709000000| Untracked 
| 117|0x0000000709100000, 0x0000000709100000, 0x0000000709200000|  0%| F|  |TAMS 0x0000000709100000, 0x0000000709100000| Untracked 
| 118|0x0000000709200000, 0x0000000709200000, 0x0000000709300000|  0%| F|  |TAMS 0x0000000709200000, 0x0000000709200000| Untracked 
| 119|0x0000000709300000, 0x0000000709300000, 0x0000000709400000|  0%| F|  |TAMS 0x0000000709300000, 0x0000000709300000| Untracked 
| 120|0x0000000709400000, 0x0000000709400000, 0x0000000709500000|  0%| F|  |TAMS 0x0000000709400000, 0x0000000709400000| Untracked 
| 121|0x0000000709500000, 0x0000000709500000, 0x0000000709600000|  0%| F|  |TAMS 0x0000000709500000, 0x0000000709500000| Untracked 
| 122|0x0000000709600000, 0x0000000709600000, 0x0000000709700000|  0%| F|  |TAMS 0x0000000709600000, 0x0000000709600000| Untracked 
| 123|0x0000000709700000, 0x0000000709700000, 0x0000000709800000|  0%| F|  |TAMS 0x0000000709700000, 0x0000000709700000| Untracked 
| 124|0x0000000709800000, 0x0000000709800000, 0x0000000709900000|  0%| F|  |TAMS 0x0000000709800000, 0x0000000709800000| Untracked 
| 125|0x0000000709900000, 0x0000000709900000, 0x0000000709a00000|  0%| F|  |TAMS 0x0000000709900000, 0x0000000709900000| Untracked 
| 126|0x0000000709a00000, 0x0000000709a00000, 0x0000000709b00000|  0%| F|  |TAMS 0x0000000709a00000, 0x0000000709a00000| Untracked 
| 127|0x0000000709b00000, 0x0000000709b00000, 0x0000000709c00000|  0%| F|  |TAMS 0x0000000709b00000, 0x0000000709b00000| Untracked 
| 128|0x0000000709c00000, 0x0000000709c00000, 0x0000000709d00000|  0%| F|  |TAMS 0x0000000709c00000, 0x0000000709c00000| Untracked 
| 129|0x0000000709d00000, 0x0000000709d00000, 0x0000000709e00000|  0%| F|  |TAMS 0x0000000709d00000, 0x0000000709d00000| Untracked 
| 130|0x0000000709e00000, 0x0000000709e00000, 0x0000000709f00000|  0%| F|  |TAMS 0x0000000709e00000, 0x0000000709e00000| Untracked 
| 131|0x0000000709f00000, 0x0000000709f00000, 0x000000070a000000|  0%| F|  |TAMS 0x0000000709f00000, 0x0000000709f00000| Untracked 
| 132|0x000000070a000000, 0x000000070a000000, 0x000000070a100000|  0%| F|  |TAMS 0x000000070a000000, 0x000000070a000000| Untracked 
| 133|0x000000070a100000, 0x000000070a100000, 0x000000070a200000|  0%| F|  |TAMS 0x000000070a100000, 0x000000070a100000| Untracked 
| 134|0x000000070a200000, 0x000000070a200000, 0x000000070a300000|  0%| F|  |TAMS 0x000000070a200000, 0x000000070a200000| Untracked 
| 135|0x000000070a300000, 0x000000070a300000, 0x000000070a400000|  0%| F|  |TAMS 0x000000070a300000, 0x000000070a300000| Untracked 
| 136|0x000000070a400000, 0x000000070a400000, 0x000000070a500000|  0%| F|  |TAMS 0x000000070a400000, 0x000000070a400000| Untracked 
| 137|0x000000070a500000, 0x000000070a500000, 0x000000070a600000|  0%| F|  |TAMS 0x000000070a500000, 0x000000070a500000| Untracked 
| 138|0x000000070a600000, 0x000000070a600000, 0x000000070a700000|  0%| F|  |TAMS 0x000000070a600000, 0x000000070a600000| Untracked 
| 139|0x000000070a700000, 0x000000070a700000, 0x000000070a800000|  0%| F|  |TAMS 0x000000070a700000, 0x000000070a700000| Untracked 
| 140|0x000000070a800000, 0x000000070a800000, 0x000000070a900000|  0%| F|  |TAMS 0x000000070a800000, 0x000000070a800000| Untracked 
| 141|0x000000070a900000, 0x000000070a900000, 0x000000070aa00000|  0%| F|  |TAMS 0x000000070a900000, 0x000000070a900000| Untracked 
| 142|0x000000070aa00000, 0x000000070aa00000, 0x000000070ab00000|  0%| F|  |TAMS 0x000000070aa00000, 0x000000070aa00000| Untracked 
| 143|0x000000070ab00000, 0x000000070ab00000, 0x000000070ac00000|  0%| F|  |TAMS 0x000000070ab00000, 0x000000070ab00000| Untracked 
| 144|0x000000070ac00000, 0x000000070ac00000, 0x000000070ad00000|  0%| F|  |TAMS 0x000000070ac00000, 0x000000070ac00000| Untracked 
| 145|0x000000070ad00000, 0x000000070ad00000, 0x000000070ae00000|  0%| F|  |TAMS 0x000000070ad00000, 0x000000070ad00000| Untracked 
| 146|0x000000070ae00000, 0x000000070ae00000, 0x000000070af00000|  0%| F|  |TAMS 0x000000070ae00000, 0x000000070ae00000| Untracked 
| 147|0x000000070af00000, 0x000000070af00000, 0x000000070b000000|  0%| F|  |TAMS 0x000000070af00000, 0x000000070af00000| Untracked 
| 148|0x000000070b000000, 0x000000070b000000, 0x000000070b100000|  0%| F|  |TAMS 0x000000070b000000, 0x000000070b000000| Untracked 
| 149|0x000000070b100000, 0x000000070b100000, 0x000000070b200000|  0%| F|  |TAMS 0x000000070b100000, 0x000000070b100000| Untracked 
| 150|0x000000070b200000, 0x000000070b200000, 0x000000070b300000|  0%| F|  |TAMS 0x000000070b200000, 0x000000070b200000| Untracked 
| 151|0x000000070b300000, 0x000000070b300000, 0x000000070b400000|  0%| F|  |TAMS 0x000000070b300000, 0x000000070b300000| Untracked 
| 152|0x000000070b400000, 0x000000070b400000, 0x000000070b500000|  0%| F|  |TAMS 0x000000070b400000, 0x000000070b400000| Untracked 
| 153|0x000000070b500000, 0x000000070b500000, 0x000000070b600000|  0%| F|  |TAMS 0x000000070b500000, 0x000000070b500000| Untracked 
| 154|0x000000070b600000, 0x000000070b600000, 0x000000070b700000|  0%| F|  |TAMS 0x000000070b600000, 0x000000070b600000| Untracked 
| 155|0x000000070b700000, 0x000000070b700000, 0x000000070b800000|  0%| F|  |TAMS 0x000000070b700000, 0x000000070b700000| Untracked 
| 156|0x000000070b800000, 0x000000070b800000, 0x000000070b900000|  0%| F|  |TAMS 0x000000070b800000, 0x000000070b800000| Untracked 
| 157|0x000000070b900000, 0x000000070b900000, 0x000000070ba00000|  0%| F|  |TAMS 0x000000070b900000, 0x000000070b900000| Untracked 
| 158|0x000000070ba00000, 0x000000070ba00000, 0x000000070bb00000|  0%| F|  |TAMS 0x000000070ba00000, 0x000000070ba00000| Untracked 
| 159|0x000000070bb00000, 0x000000070bb00000, 0x000000070bc00000|  0%| F|  |TAMS 0x000000070bb00000, 0x000000070bb00000| Untracked 
| 160|0x000000070bc00000, 0x000000070bc00000, 0x000000070bd00000|  0%| F|  |TAMS 0x000000070bc00000, 0x000000070bc00000| Untracked 
| 161|0x000000070bd00000, 0x000000070bd00000, 0x000000070be00000|  0%| F|  |TAMS 0x000000070bd00000, 0x000000070bd00000| Untracked 
| 162|0x000000070be00000, 0x000000070be00000, 0x000000070bf00000|  0%| F|  |TAMS 0x000000070be00000, 0x000000070be00000| Untracked 
| 163|0x000000070bf00000, 0x000000070bf00000, 0x000000070c000000|  0%| F|  |TAMS 0x000000070bf00000, 0x000000070bf00000| Untracked 
| 164|0x000000070c000000, 0x000000070c000000, 0x000000070c100000|  0%| F|  |TAMS 0x000000070c000000, 0x000000070c000000| Untracked 
| 165|0x000000070c100000, 0x000000070c100000, 0x000000070c200000|  0%| F|  |TAMS 0x000000070c100000, 0x000000070c100000| Untracked 
| 166|0x000000070c200000, 0x000000070c200000, 0x000000070c300000|  0%| F|  |TAMS 0x000000070c200000, 0x000000070c200000| Untracked 
| 167|0x000000070c300000, 0x000000070c300000, 0x000000070c400000|  0%| F|  |TAMS 0x000000070c300000, 0x000000070c300000| Untracked 
| 168|0x000000070c400000, 0x000000070c400000, 0x000000070c500000|  0%| F|  |TAMS 0x000000070c400000, 0x000000070c400000| Untracked 
| 169|0x000000070c500000, 0x000000070c500000, 0x000000070c600000|  0%| F|  |TAMS 0x000000070c500000, 0x000000070c500000| Untracked 
| 170|0x000000070c600000, 0x000000070c600000, 0x000000070c700000|  0%| F|  |TAMS 0x000000070c600000, 0x000000070c600000| Untracked 
| 171|0x000000070c700000, 0x000000070c700000, 0x000000070c800000|  0%| F|  |TAMS 0x000000070c700000, 0x000000070c700000| Untracked 
| 172|0x000000070c800000, 0x000000070c800000, 0x000000070c900000|  0%| F|  |TAMS 0x000000070c800000, 0x000000070c800000| Untracked 
| 173|0x000000070c900000, 0x000000070c900000, 0x000000070ca00000|  0%| F|  |TAMS 0x000000070c900000, 0x000000070c900000| Untracked 
| 174|0x000000070ca00000, 0x000000070ca00000, 0x000000070cb00000|  0%| F|  |TAMS 0x000000070ca00000, 0x000000070ca00000| Untracked 
| 175|0x000000070cb00000, 0x000000070cb00000, 0x000000070cc00000|  0%| F|  |TAMS 0x000000070cb00000, 0x000000070cb00000| Untracked 
| 176|0x000000070cc00000, 0x000000070cc00000, 0x000000070cd00000|  0%| F|  |TAMS 0x000000070cc00000, 0x000000070cc00000| Untracked 
| 177|0x000000070cd00000, 0x000000070cd00000, 0x000000070ce00000|  0%| F|  |TAMS 0x000000070cd00000, 0x000000070cd00000| Untracked 
| 178|0x000000070ce00000, 0x000000070ce00000, 0x000000070cf00000|  0%| F|  |TAMS 0x000000070ce00000, 0x000000070ce00000| Untracked 
| 179|0x000000070cf00000, 0x000000070cf00000, 0x000000070d000000|  0%| F|  |TAMS 0x000000070cf00000, 0x000000070cf00000| Untracked 
| 180|0x000000070d000000, 0x000000070d000000, 0x000000070d100000|  0%| F|  |TAMS 0x000000070d000000, 0x000000070d000000| Untracked 
| 181|0x000000070d100000, 0x000000070d100000, 0x000000070d200000|  0%| F|  |TAMS 0x000000070d100000, 0x000000070d100000| Untracked 
| 182|0x000000070d200000, 0x000000070d200000, 0x000000070d300000|  0%| F|  |TAMS 0x000000070d200000, 0x000000070d200000| Untracked 
| 183|0x000000070d300000, 0x000000070d300000, 0x000000070d400000|  0%| F|  |TAMS 0x000000070d300000, 0x000000070d300000| Untracked 
| 184|0x000000070d400000, 0x000000070d400000, 0x000000070d500000|  0%| F|  |TAMS 0x000000070d400000, 0x000000070d400000| Untracked 
| 185|0x000000070d500000, 0x000000070d500000, 0x000000070d600000|  0%| F|  |TAMS 0x000000070d500000, 0x000000070d500000| Untracked 
| 186|0x000000070d600000, 0x000000070d600000, 0x000000070d700000|  0%| F|  |TAMS 0x000000070d600000, 0x000000070d600000| Untracked 
| 187|0x000000070d700000, 0x000000070d700000, 0x000000070d800000|  0%| F|  |TAMS 0x000000070d700000, 0x000000070d700000| Untracked 
| 188|0x000000070d800000, 0x000000070d800000, 0x000000070d900000|  0%| F|  |TAMS 0x000000070d800000, 0x000000070d800000| Untracked 
| 189|0x000000070d900000, 0x000000070d900000, 0x000000070da00000|  0%| F|  |TAMS 0x000000070d900000, 0x000000070d900000| Untracked 
| 190|0x000000070da00000, 0x000000070da00000, 0x000000070db00000|  0%| F|  |TAMS 0x000000070da00000, 0x000000070da00000| Untracked 
| 191|0x000000070db00000, 0x000000070db00000, 0x000000070dc00000|  0%| F|  |TAMS 0x000000070db00000, 0x000000070db00000| Untracked 
| 192|0x000000070dc00000, 0x000000070dc00000, 0x000000070dd00000|  0%| F|  |TAMS 0x000000070dc00000, 0x000000070dc00000| Untracked 
| 193|0x000000070dd00000, 0x000000070dd00000, 0x000000070de00000|  0%| F|  |TAMS 0x000000070dd00000, 0x000000070dd00000| Untracked 
| 194|0x000000070de00000, 0x000000070de00000, 0x000000070df00000|  0%| F|  |TAMS 0x000000070de00000, 0x000000070de00000| Untracked 
| 195|0x000000070df00000, 0x000000070df00000, 0x000000070e000000|  0%| F|  |TAMS 0x000000070df00000, 0x000000070df00000| Untracked 
| 196|0x000000070e000000, 0x000000070e000000, 0x000000070e100000|  0%| F|  |TAMS 0x000000070e000000, 0x000000070e000000| Untracked 
| 197|0x000000070e100000, 0x000000070e100000, 0x000000070e200000|  0%| F|  |TAMS 0x000000070e100000, 0x000000070e100000| Untracked 
| 198|0x000000070e200000, 0x000000070e200000, 0x000000070e300000|  0%| F|  |TAMS 0x000000070e200000, 0x000000070e200000| Untracked 
| 199|0x000000070e300000, 0x000000070e300000, 0x000000070e400000|  0%| F|  |TAMS 0x000000070e300000, 0x000000070e300000| Untracked 
| 200|0x000000070e400000, 0x000000070e400000, 0x000000070e500000|  0%| F|  |TAMS 0x000000070e400000, 0x000000070e400000| Untracked 
| 201|0x000000070e500000, 0x000000070e500000, 0x000000070e600000|  0%| F|  |TAMS 0x000000070e500000, 0x000000070e500000| Untracked 
| 202|0x000000070e600000, 0x000000070e600000, 0x000000070e700000|  0%| F|  |TAMS 0x000000070e600000, 0x000000070e600000| Untracked 
| 203|0x000000070e700000, 0x000000070e700000, 0x000000070e800000|  0%| F|  |TAMS 0x000000070e700000, 0x000000070e700000| Untracked 
| 204|0x000000070e800000, 0x000000070e800000, 0x000000070e900000|  0%| F|  |TAMS 0x000000070e800000, 0x000000070e800000| Untracked 
| 205|0x000000070e900000, 0x000000070e900000, 0x000000070ea00000|  0%| F|  |TAMS 0x000000070e900000, 0x000000070e900000| Untracked 
| 206|0x000000070ea00000, 0x000000070ea00000, 0x000000070eb00000|  0%| F|  |TAMS 0x000000070ea00000, 0x000000070ea00000| Untracked 
| 207|0x000000070eb00000, 0x000000070eb00000, 0x000000070ec00000|  0%| F|  |TAMS 0x000000070eb00000, 0x000000070eb00000| Untracked 
| 208|0x000000070ec00000, 0x000000070ec00000, 0x000000070ed00000|  0%| F|  |TAMS 0x000000070ec00000, 0x000000070ec00000| Untracked 
| 209|0x000000070ed00000, 0x000000070ed00000, 0x000000070ee00000|  0%| F|  |TAMS 0x000000070ed00000, 0x000000070ed00000| Untracked 
| 210|0x000000070ee00000, 0x000000070ee00000, 0x000000070ef00000|  0%| F|  |TAMS 0x000000070ee00000, 0x000000070ee00000| Untracked 
| 211|0x000000070ef00000, 0x000000070ef00000, 0x000000070f000000|  0%| F|  |TAMS 0x000000070ef00000, 0x000000070ef00000| Untracked 
| 212|0x000000070f000000, 0x000000070f000000, 0x000000070f100000|  0%| F|  |TAMS 0x000000070f000000, 0x000000070f000000| Untracked 
| 213|0x000000070f100000, 0x000000070f100000, 0x000000070f200000|  0%| F|  |TAMS 0x000000070f100000, 0x000000070f100000| Untracked 
| 214|0x000000070f200000, 0x000000070f200000, 0x000000070f300000|  0%| F|  |TAMS 0x000000070f200000, 0x000000070f200000| Untracked 
| 215|0x000000070f300000, 0x000000070f300000, 0x000000070f400000|  0%| F|  |TAMS 0x000000070f300000, 0x000000070f300000| Untracked 
| 216|0x000000070f400000, 0x000000070f400000, 0x000000070f500000|  0%| F|  |TAMS 0x000000070f400000, 0x000000070f400000| Untracked 
| 217|0x000000070f500000, 0x000000070f500000, 0x000000070f600000|  0%| F|  |TAMS 0x000000070f500000, 0x000000070f500000| Untracked 
| 218|0x000000070f600000, 0x000000070f600000, 0x000000070f700000|  0%| F|  |TAMS 0x000000070f600000, 0x000000070f600000| Untracked 
| 219|0x000000070f700000, 0x000000070f700000, 0x000000070f800000|  0%| F|  |TAMS 0x000000070f700000, 0x000000070f700000| Untracked 
| 220|0x000000070f800000, 0x000000070f800000, 0x000000070f900000|  0%| F|  |TAMS 0x000000070f800000, 0x000000070f800000| Untracked 
| 221|0x000000070f900000, 0x000000070f900000, 0x000000070fa00000|  0%| F|  |TAMS 0x000000070f900000, 0x000000070f900000| Untracked 
| 222|0x000000070fa00000, 0x000000070fa00000, 0x000000070fb00000|  0%| F|  |TAMS 0x000000070fa00000, 0x000000070fa00000| Untracked 
| 223|0x000000070fb00000, 0x000000070fb00000, 0x000000070fc00000|  0%| F|  |TAMS 0x000000070fb00000, 0x000000070fb00000| Untracked 
| 224|0x000000070fc00000, 0x000000070fc00000, 0x000000070fd00000|  0%| F|  |TAMS 0x000000070fc00000, 0x000000070fc00000| Untracked 
| 225|0x000000070fd00000, 0x000000070fd20460, 0x000000070fe00000| 12%| S|CS|TAMS 0x000000070fd00000, 0x000000070fd00000| Complete 
| 226|0x000000070fe00000, 0x000000070ff00000, 0x000000070ff00000|100%| S|CS|TAMS 0x000000070fe00000, 0x000000070fe00000| Complete 
| 227|0x000000070ff00000, 0x0000000710000000, 0x0000000710000000|100%| S|CS|TAMS 0x000000070ff00000, 0x000000070ff00000| Complete 
| 228|0x0000000710000000, 0x0000000710100000, 0x0000000710100000|100%| S|CS|TAMS 0x0000000710000000, 0x0000000710000000| Complete 
| 229|0x0000000710100000, 0x0000000710100000, 0x0000000710200000|  0%| F|  |TAMS 0x0000000710100000, 0x0000000710100000| Untracked 
| 230|0x0000000710200000, 0x0000000710200000, 0x0000000710300000|  0%| F|  |TAMS 0x0000000710200000, 0x0000000710200000| Untracked 
| 231|0x0000000710300000, 0x0000000710300000, 0x0000000710400000|  0%| F|  |TAMS 0x0000000710300000, 0x0000000710300000| Untracked 
| 232|0x0000000710400000, 0x0000000710400000, 0x0000000710500000|  0%| F|  |TAMS 0x0000000710400000, 0x0000000710400000| Untracked 
| 233|0x0000000710500000, 0x0000000710500000, 0x0000000710600000|  0%| F|  |TAMS 0x0000000710500000, 0x0000000710500000| Untracked 
| 234|0x0000000710600000, 0x0000000710600000, 0x0000000710700000|  0%| F|  |TAMS 0x0000000710600000, 0x0000000710600000| Untracked 
| 235|0x0000000710700000, 0x0000000710700000, 0x0000000710800000|  0%| F|  |TAMS 0x0000000710700000, 0x0000000710700000| Untracked 
| 236|0x0000000710800000, 0x0000000710800000, 0x0000000710900000|  0%| F|  |TAMS 0x0000000710800000, 0x0000000710800000| Untracked 
| 237|0x0000000710900000, 0x0000000710900000, 0x0000000710a00000|  0%| F|  |TAMS 0x0000000710900000, 0x0000000710900000| Untracked 
| 238|0x0000000710a00000, 0x0000000710a00000, 0x0000000710b00000|  0%| F|  |TAMS 0x0000000710a00000, 0x0000000710a00000| Untracked 
| 239|0x0000000710b00000, 0x0000000710b00000, 0x0000000710c00000|  0%| F|  |TAMS 0x0000000710b00000, 0x0000000710b00000| Untracked 
| 240|0x0000000710c00000, 0x0000000710c00000, 0x0000000710d00000|  0%| F|  |TAMS 0x0000000710c00000, 0x0000000710c00000| Untracked 
| 241|0x0000000710d00000, 0x0000000710d00000, 0x0000000710e00000|  0%| F|  |TAMS 0x0000000710d00000, 0x0000000710d00000| Untracked 
| 242|0x0000000710e00000, 0x0000000710e00000, 0x0000000710f00000|  0%| F|  |TAMS 0x0000000710e00000, 0x0000000710e00000| Untracked 
| 243|0x0000000710f00000, 0x0000000710f00000, 0x0000000711000000|  0%| F|  |TAMS 0x0000000710f00000, 0x0000000710f00000| Untracked 
| 244|0x0000000711000000, 0x0000000711000000, 0x0000000711100000|  0%| F|  |TAMS 0x0000000711000000, 0x0000000711000000| Untracked 
| 245|0x0000000711100000, 0x0000000711180800, 0x0000000711200000| 50%| E|  |TAMS 0x0000000711100000, 0x0000000711100000| Complete 
| 246|0x0000000711200000, 0x0000000711300000, 0x0000000711300000|100%| E|CS|TAMS 0x0000000711200000, 0x0000000711200000| Complete 
| 247|0x0000000711300000, 0x0000000711400000, 0x0000000711400000|100%| E|CS|TAMS 0x0000000711300000, 0x0000000711300000| Complete 
| 248|0x0000000711400000, 0x0000000711500000, 0x0000000711500000|100%| E|CS|TAMS 0x0000000711400000, 0x0000000711400000| Complete 
| 249|0x0000000711500000, 0x0000000711600000, 0x0000000711600000|100%| E|CS|TAMS 0x0000000711500000, 0x0000000711500000| Complete 
| 250|0x0000000711600000, 0x0000000711700000, 0x0000000711700000|100%| E|CS|TAMS 0x0000000711600000, 0x0000000711600000| Complete 
| 251|0x0000000711700000, 0x0000000711800000, 0x0000000711800000|100%| E|CS|TAMS 0x0000000711700000, 0x0000000711700000| Complete 
| 252|0x0000000711800000, 0x0000000711900000, 0x0000000711900000|100%| E|CS|TAMS 0x0000000711800000, 0x0000000711800000| Complete 
| 253|0x0000000711900000, 0x0000000711a00000, 0x0000000711a00000|100%| E|CS|TAMS 0x0000000711900000, 0x0000000711900000| Complete 
| 254|0x0000000711a00000, 0x0000000711b00000, 0x0000000711b00000|100%| E|CS|TAMS 0x0000000711a00000, 0x0000000711a00000| Complete 
| 255|0x0000000711b00000, 0x0000000711c00000, 0x0000000711c00000|100%| E|CS|TAMS 0x0000000711b00000, 0x0000000711b00000| Complete 

Card table byte_map: [0x00000287ccb30000,0x00000287cd330000] _byte_map_base: 0x00000287c9322000

Marking Bits (Prev, Next): (CMBitMap*) 0x00000287b4921428, (CMBitMap*) 0x00000287b4921468
 Prev Bits: [0x00000287cdb30000, 0x00000287d1ac0000)
 Next Bits: [0x00000287d1ac0000, 0x00000287d5a50000)

Polling page: 0x00000287b2820000

Metaspace:

Usage:
  Non-class:     11.16 MB capacity,    10.80 MB ( 97%) used,   312.91 KB (  3%) free+waste,    60.38 KB ( <1%) overhead. 
      Class:      1.66 MB capacity,     1.43 MB ( 86%) used,   203.10 KB ( 12%) free+waste,    31.25 KB (  2%) overhead. 
       Both:     12.82 MB capacity,    12.23 MB ( 95%) used,   516.02 KB (  4%) free+waste,    91.63 KB ( <1%) overhead. 

Virtual space:
  Non-class space:       12.00 MB reserved,      11.25 MB ( 94%) committed 
      Class space:        1.00 GB reserved,       1.75 MB ( <1%) committed 
             Both:        1.01 GB reserved,      13.00 MB (  1%) committed 

Chunk freelists:
   Non-Class:  26.00 KB
       Class:  0 bytes
        Both:  26.00 KB

MaxMetaspaceSize: 17179869184.00 GB
CompressedClassSpaceSize: 1.00 GB

CodeHeap 'non-profiled nmethods': size=120000Kb used=845Kb max_used=845Kb free=119154Kb
 bounds [0x00000287c4e00000, 0x00000287c5070000, 0x00000287cc330000]
CodeHeap 'profiled nmethods': size=120000Kb used=4455Kb max_used=4455Kb free=115544Kb
 bounds [0x00000287bd8d0000, 0x00000287bdd30000, 0x00000287c4e00000]
CodeHeap 'non-nmethods': size=5760Kb used=1213Kb max_used=1246Kb free=4546Kb
 bounds [0x00000287bd330000, 0x00000287bd5a0000, 0x00000287bd8d0000]
 total_blobs=2627 nmethods=2152 adapters=387
 compilation: enabled
              stopped_count=0, restarted_count=0
 full_count=0

Compilation events (20 events):
Event: 6.931 Thread 0x00000287d7f8a800 2141       1       java.util.stream.Sink::cancellationRequested (2 bytes)
Event: 6.931 Thread 0x00000287d7f8a800 nmethod 2141 0x00000287c4ed1f90 code [0x00000287c4ed2120, 0x00000287c4ed21f8]
Event: 6.932 Thread 0x00000287d7f8a800 2142       3       java.security.MessageDigest::update (11 bytes)
Event: 6.932 Thread 0x00000287d7f8a800 nmethod 2142 0x00000287bdd27d90 code [0x00000287bdd27f40, 0x00000287bdd28148]
Event: 6.932 Thread 0x00000287d7f8a800 2143       3       java.security.MessageDigest$Delegate::engineUpdate (9 bytes)
Event: 6.932 Thread 0x00000287d7f8a800 nmethod 2143 0x00000287bdd28210 code [0x00000287bdd283c0, 0x00000287bdd285a8]
Event: 7.145 Thread 0x00000287d7f8a800 2144       3       java.lang.System::checkKey (32 bytes)
Event: 7.146 Thread 0x00000287d7f8a800 nmethod 2144 0x00000287bdd28690 code [0x00000287bdd28860, 0x00000287bdd28c38]
Event: 7.157 Thread 0x00000287d7f87000 2145       4       java.util.LinkedHashMap::get (33 bytes)
Event: 7.157 Thread 0x00000287d7f8a800 2146       3       org.threeten.bp.jdk8.Jdk8Methods::floorDiv (20 bytes)
Event: 7.157 Thread 0x00000287d7f8a800 nmethod 2146 0x00000287bdd28d90 code [0x00000287bdd28f20, 0x00000287bdd290b8]
Event: 7.157 Thread 0x00000287d7f8a800 2147       1       java.lang.Long::longValue (5 bytes)
Event: 7.157 Thread 0x00000287d7f8a800 nmethod 2147 0x00000287c4ed2290 code [0x00000287c4ed2420, 0x00000287c4ed24f8]
Event: 7.162 Thread 0x00000287d7f87000 nmethod 2145 0x00000287c4ed2590 code [0x00000287c4ed27a0, 0x00000287c4ed2bc8]
Event: 8.006 Thread 0x00000287d7f8a800 2148       1       org.threeten.bp.format.DateTimeParseContext::getSymbols (5 bytes)
Event: 8.007 Thread 0x00000287d7f87000 2149       4       java.lang.Character::toLowerCase (9 bytes)
Event: 8.007 Thread 0x00000287d7f8a800 nmethod 2148 0x00000287c4ed2f10 code [0x00000287c4ed30a0, 0x00000287c4ed3178]
Event: 8.010 Thread 0x00000287d7f87000 nmethod 2149 0x00000287c4ed3210 code [0x00000287c4ed33c0, 0x00000287c4ed3538]
Event: 8.134 Thread 0x00000287d7f8a800 2150       3       java.nio.Buffer::flip (20 bytes)
Event: 8.134 Thread 0x00000287d7f8a800 nmethod 2150 0x00000287bdd29190 code [0x00000287bdd29320, 0x00000287bdd29458]

GC Heap History (6 events):
Event: 0.480 GC heap before
{Heap before GC invocations=0 (full 0):
 garbage-first heap   total 262144K, used 13312K [0x0000000701c00000, 0x0000000800000000)
  region size 1024K, 13 young (13312K), 0 survivors (0K)
 Metaspace       used 2719K, capacity 5659K, committed 5760K, reserved 1056768K
  class space    used 321K, capacity 616K, committed 640K, reserved 1048576K
}
Event: 0.483 GC heap after
{Heap after GC invocations=1 (full 0):
 garbage-first heap   total 262144K, used 5796K [0x0000000701c00000, 0x0000000800000000)
  region size 1024K, 2 young (2048K), 2 survivors (2048K)
 Metaspace       used 2719K, capacity 5659K, committed 5760K, reserved 1056768K
  class space    used 321K, capacity 616K, committed 640K, reserved 1048576K
}
Event: 1.518 GC heap before
{Heap before GC invocations=1 (full 0):
 garbage-first heap   total 262144K, used 17060K [0x0000000701c00000, 0x0000000800000000)
  region size 1024K, 13 young (13312K), 2 survivors (2048K)
 Metaspace       used 4986K, capacity 7078K, committed 7296K, reserved 1056768K
  class space    used 567K, capacity 852K, committed 896K, reserved 1048576K
}
Event: 1.520 GC heap after
{Heap after GC invocations=2 (full 0):
 garbage-first heap   total 262144K, used 6836K [0x0000000701c00000, 0x0000000800000000)
  region size 1024K, 1 young (1024K), 1 survivors (1024K)
 Metaspace       used 4986K, capacity 7078K, committed 7296K, reserved 1056768K
  class space    used 567K, capacity 852K, committed 896K, reserved 1048576K
}
Event: 2.036 GC heap before
{Heap before GC invocations=2 (full 0):
 garbage-first heap   total 262144K, used 33460K [0x0000000701c00000, 0x0000000800000000)
  region size 1024K, 27 young (27648K), 1 survivors (1024K)
 Metaspace       used 11022K, capacity 11625K, committed 11904K, reserved 1058816K
  class space    used 1315K, capacity 1542K, committed 1664K, reserved 1048576K
}
Event: 2.040 GC heap after
{Heap after GC invocations=3 (full 0):
 garbage-first heap   total 262144K, used 9094K [0x0000000701c00000, 0x0000000800000000)
  region size 1024K, 4 young (4096K), 4 survivors (4096K)
 Metaspace       used 11022K, capacity 11625K, committed 11904K, reserved 1058816K
  class space    used 1315K, capacity 1542K, committed 1664K, reserved 1048576K
}

Deoptimization events (20 events):
Event: 2.120 Thread 0x00000287b48ba000 DEOPT PACKING pc=0x00000287bdcd76d6 sp=0x0000009fea9fc110
Event: 2.120 Thread 0x00000287b48ba000 DEOPT UNPACKING pc=0x00000287bd37964e sp=0x0000009fea9fb618 mode 0
Event: 2.120 Thread 0x00000287b48ba000 DEOPT PACKING pc=0x00000287bdcd76d6 sp=0x0000009fea9fc110
Event: 2.120 Thread 0x00000287b48ba000 DEOPT UNPACKING pc=0x00000287bd37964e sp=0x0000009fea9fb618 mode 0
Event: 2.120 Thread 0x00000287b48ba000 DEOPT PACKING pc=0x00000287bdcd76d6 sp=0x0000009fea9fc110
Event: 2.120 Thread 0x00000287b48ba000 DEOPT UNPACKING pc=0x00000287bd37964e sp=0x0000009fea9fb618 mode 0
Event: 2.120 Thread 0x00000287b48ba000 DEOPT PACKING pc=0x00000287bdcd76d6 sp=0x0000009fea9fc110
Event: 2.120 Thread 0x00000287b48ba000 DEOPT UNPACKING pc=0x00000287bd37964e sp=0x0000009fea9fb618 mode 0
Event: 2.120 Thread 0x00000287b48ba000 DEOPT PACKING pc=0x00000287bdcd76d6 sp=0x0000009fea9fc110
Event: 2.120 Thread 0x00000287b48ba000 DEOPT UNPACKING pc=0x00000287bd37964e sp=0x0000009fea9fb618 mode 0
Event: 2.128 Thread 0x00000287b48ba000 Uncommon trap: trap_request=0xffffff45 fr.pc=0x00000287c4eb69e0 relative=0x00000000000007c0
Event: 2.128 Thread 0x00000287b48ba000 Uncommon trap: reason=unstable_if action=reinterpret pc=0x00000287c4eb69e0 method=org.sqlite.SQLiteJDBCLoader.contentsEquals(Ljava/io/InputStream;Ljava/io/InputStream;)Z @ 39 c2
Event: 2.128 Thread 0x00000287b48ba000 DEOPT PACKING pc=0x00000287c4eb69e0 sp=0x0000009fea9fc140
Event: 2.128 Thread 0x00000287b48ba000 DEOPT UNPACKING pc=0x00000287bd37912f sp=0x0000009fea9fc118 mode 2
Event: 2.424 Thread 0x00000287b48ba000 DEOPT PACKING pc=0x00000287bd9d0d9f sp=0x0000009fea9f67e0
Event: 2.424 Thread 0x00000287b48ba000 DEOPT UNPACKING pc=0x00000287bd37964e sp=0x0000009fea9f5c68 mode 0
Event: 3.797 Thread 0x00000287b48ba000 Uncommon trap: trap_request=0xffffff45 fr.pc=0x00000287c4e8c808 relative=0x0000000000000328
Event: 3.797 Thread 0x00000287b48ba000 Uncommon trap: reason=unstable_if action=reinterpret pc=0x00000287c4e8c808 method=java.util.HashMap.putVal(ILjava/lang/Object;Ljava/lang/Object;ZZ)Ljava/lang/Object; @ 162 c2
Event: 3.797 Thread 0x00000287b48ba000 DEOPT PACKING pc=0x00000287c4e8c808 sp=0x0000009fea9fc300
Event: 3.797 Thread 0x00000287b48ba000 DEOPT UNPACKING pc=0x00000287bd37912f sp=0x0000009fea9fc2c0 mode 2

Classes unloaded (0 events):
No events

Classes redefined (0 events):
No events

Internal exceptions (20 events):
Event: 1.615 Thread 0x00000287b48ba000 Exception <a 'java/lang/NoSuchMethodError'{0x00000007117dce58}: 'int java.lang.invoke.DirectMethodHandle$Holder.invokeStatic(java.lang.Object, java.lang.Object, java.lang.Object, java.lang.Object, java.lang.Object)'> (0x00000007117dce58) 
thrown [./src/hotspot/share/interpreter/linkResolver.cpp, line 766]
Event: 1.625 Thread 0x00000287b48ba000 Exception <a 'java/lang/NoSuchMethodError'{0x00000007116945d8}: 'void java.lang.invoke.DirectMethodHandle$Holder.invokeSpecial(java.lang.Object, java.lang.Object)'> (0x00000007116945d8) 
thrown [./src/hotspot/share/interpreter/linkResolver.cpp, line 766]
Event: 1.639 Thread 0x00000287b48ba000 Exception <a 'java/lang/NoSuchMethodError'{0x00000007115c23a0}: 'int java.lang.invoke.DirectMethodHandle$Holder.invokeStaticInit(java.lang.Object, java.lang.Object, java.lang.Object)'> (0x00000007115c23a0) 
thrown [./src/hotspot/share/interpreter/linkResolver.cpp, line 766]
Event: 1.655 Thread 0x00000287b48ba000 Exception <a 'java/lang/IncompatibleClassChangeError'{0x00000007114be088}: Found class java.lang.Object, but interface was expected> (0x00000007114be088) 
thrown [./src/hotspot/share/interpreter/linkResolver.cpp, line 832]
Event: 1.665 Thread 0x00000287b48ba000 Exception <a 'java/lang/NoSuchMethodError'{0x000000071135e640}: 'java.lang.Object java.lang.invoke.Invokers$Holder.linkToTargetMethod(java.lang.Object, java.lang.Object, java.lang.Object, java.lang.Object, java.lang.Object, java.lang.Object, java.lang.Object)'> (0x000000071135e640) 
thrown [./src/hotspot/share/interpreter/linkResolver.cpp, line 766]
Event: 1.667 Thread 0x00000287b48ba000 Exception <a 'java/lang/NoSuchMethodError'{0x00000007113684e0}: 'java.lang.Object java.lang.invoke.DirectMethodHandle$Holder.invokeInterface(java.lang.Object, java.lang.Object, java.lang.Object, java.lang.Object, java.lang.Object)'> (0x00000007113684e0) 
thrown [./src/hotspot/share/interpreter/linkResolver.cpp, line 766]
Event: 1.667 Thread 0x00000287b48ba000 Exception <a 'java/lang/IncompatibleClassChangeError'{0x000000071136b7e8}: Found class java.lang.Object, but interface was expected> (0x000000071136b7e8) 
thrown [./src/hotspot/share/interpreter/linkResolver.cpp, line 832]
Event: 1.706 Thread 0x00000287b48ba000 Implicit null exception at 0x00000287c4e5d091 to 0x00000287c4e5e660
Event: 1.707 Thread 0x00000287b48ba000 Implicit null exception at 0x00000287c4e5c5af to 0x00000287c4e5c62d
Event: 1.768 Thread 0x00000287b48ba000 Exception <a 'java/lang/NoSuchMethodError'{0x0000000710a8d858}: 'java.lang.Object java.lang.invoke.DirectMethodHandle$Holder.invokeStatic(java.lang.Object, java.lang.Object, int, java.lang.Object)'> (0x0000000710a8d858) 
thrown [./src/hotspot/share/interpreter/linkResolver.cpp, line 766]
Event: 1.769 Thread 0x00000287b48ba000 Exception <a 'java/lang/NoSuchMethodError'{0x0000000710a971d8}: 'java.lang.Object java.lang.invoke.Invokers$Holder.linkToTargetMethod(java.lang.Object, int, java.lang.Object)'> (0x0000000710a971d8) 
thrown [./src/hotspot/share/interpreter/linkResolver.cpp, line 766]
Event: 1.892 Thread 0x00000287b48ba000 Exception <a 'java/lang/NoSuchMethodError'{0x000000071059e408}: 'java.lang.Object java.lang.invoke.DirectMethodHandle$Holder.invokeStaticInit(java.lang.Object, int, int, int, int)'> (0x000000071059e408) 
thrown [./src/hotspot/share/interpreter/linkResolver.cpp, line 766]
Event: 1.893 Thread 0x00000287b48ba000 Exception <a 'sun/nio/fs/WindowsException'{0x00000007105a3fa8}> (0x00000007105a3fa8) 
thrown [./src/hotspot/share/prims/jni.cpp, line 599]
Event: 1.921 Thread 0x00000287b48ba000 Exception <a 'java/lang/NoSuchMethodError'{0x00000007105cca10}: 'int java.lang.invoke.DirectMethodHandle$Holder.invokeStaticInit(java.lang.Object, java.lang.Object, java.lang.Object, java.lang.Object)'> (0x00000007105cca10) 
thrown [./src/hotspot/share/interpreter/linkResolver.cpp, line 766]
Event: 1.922 Thread 0x00000287b48ba000 Exception <a 'java/lang/IncompatibleClassChangeError'{0x00000007105d51d8}: Found class java.lang.Object, but interface was expected> (0x00000007105d51d8) 
thrown [./src/hotspot/share/interpreter/linkResolver.cpp, line 832]
Event: 1.922 Thread 0x00000287b48ba000 Exception <a 'java/lang/NoSuchMethodError'{0x00000007105d8280}: 'void java.lang.invoke.DirectMethodHandle$Holder.invokeStaticInit(java.lang.Object, java.lang.Object)'> (0x00000007105d8280) 
thrown [./src/hotspot/share/interpreter/linkResolver.cpp, line 766]
Event: 1.922 Thread 0x00000287b48ba000 Exception <a 'java/lang/NoSuchMethodError'{0x00000007105dd5b0}: 'int java.lang.invoke.DirectMethodHandle$Holder.invokeStaticInit(java.lang.Object, java.lang.Object)'> (0x00000007105dd5b0) 
thrown [./src/hotspot/share/interpreter/linkResolver.cpp, line 766]
Event: 2.008 Thread 0x00000287b48ba000 Exception <a 'java/lang/NoSuchMethodError'{0x00000007102fab50}: 'java.lang.Object java.lang.invoke.DirectMethodHandle$Holder.invokeStaticInit(java.lang.Object, java.lang.Object, int, int, int, int)'> (0x00000007102fab50) 
thrown [./src/hotspot/share/interpreter/linkResolver.cpp, line 766]
Event: 4.167 Thread 0x00000287b48ba000 Exception <a 'java/lang/IncompatibleClassChangeError'{0x00000007115798a0}: Found class java.lang.Object, but interface was expected> (0x00000007115798a0) 
thrown [./src/hotspot/share/interpreter/linkResolver.cpp, line 832]
Event: 6.013 Thread 0x00000287b48ba000 Exception <a 'java/lang/IncompatibleClassChangeError'{0x00000007114bdef0}: Found class java.lang.Object, but interface was expected> (0x00000007114bdef0) 
thrown [./src/hotspot/share/interpreter/linkResolver.cpp, line 832]

Events (20 events):
Event: 4.998 Executing VM operation: HandshakeOneThread done
Event: 5.327 loading class java/util/concurrent/atomic/AtomicReferenceFieldUpdater
Event: 5.328 loading class java/util/concurrent/atomic/AtomicReferenceFieldUpdater done
Event: 5.328 loading class java/util/concurrent/atomic/AtomicReferenceFieldUpdater$AtomicReferenceFieldUpdaterImpl
Event: 5.328 loading class java/util/concurrent/atomic/AtomicReferenceFieldUpdater$AtomicReferenceFieldUpdaterImpl done
Event: 5.328 loading class java/util/concurrent/atomic/AtomicReferenceFieldUpdater$AtomicReferenceFieldUpdaterImpl$1
Event: 5.328 loading class java/util/concurrent/atomic/AtomicReferenceFieldUpdater$AtomicReferenceFieldUpdaterImpl$1 done
Event: 5.328 Executing VM operation: HandshakeOneThread
Event: 5.328 Executing VM operation: HandshakeOneThread done
Event: 5.329 loading class java/lang/StackTraceElement$HashedModules
Event: 5.329 loading class java/lang/StackTraceElement$HashedModules done
Event: 6.000 Executing VM operation: HandshakeOneThread
Event: 6.000 Executing VM operation: HandshakeOneThread done
Event: 6.000 Thread 0x00000287d98b8800 Thread exited: 0x00000287d98b8800
Event: 7.785 Thread 0x00000287d98b8800 Thread added: 0x00000287d98b8800
Event: 7.785 Thread 0x00000287d9e32800 Thread added: 0x00000287d9e32800
Event: 7.785 loading class java/util/LinkedList$LLSpliterator
Event: 7.785 loading class java/util/LinkedList$LLSpliterator done
Event: 8.005 Executing VM operation: HandshakeOneThread
Event: 8.006 Executing VM operation: HandshakeOneThread done


Dynamic libraries:
0x00007ff674800000 - 0x00007ff67480d000 	C:\Users\Leno\.jdks\adopt-openjdk-14.0.2\bin\java.exe
0x00007ffa30150000 - 0x00007ffa30345000 	C:\Windows\SYSTEM32\ntdll.dll
0x00007ffa2f000000 - 0x00007ffa2f0bd000 	C:\Windows\System32\KERNEL32.DLL
0x00007ffa2dbf0000 - 0x00007ffa2deb9000 	C:\Windows\System32\KERNELBASE.dll
0x00007ffa2daf0000 - 0x00007ffa2dbf0000 	C:\Windows\System32\ucrtbase.dll
0x00007ffa00ba0000 - 0x00007ffa00bb8000 	C:\Users\Leno\.jdks\adopt-openjdk-14.0.2\bin\jli.dll
0x00007ffa2f8a0000 - 0x00007ffa2fa40000 	C:\Windows\System32\USER32.dll
0x00007ffa2d890000 - 0x00007ffa2d8b2000 	C:\Windows\System32\win32u.dll
0x00007ffa2fe40000 - 0x00007ffa2fe6a000 	C:\Windows\System32\GDI32.dll
0x00007ffa2d8c0000 - 0x00007ffa2d9cb000 	C:\Windows\System32\gdi32full.dll
0x00007ffa2da50000 - 0x00007ffa2daed000 	C:\Windows\System32\msvcp_win.dll
0x00007ffa0c570000 - 0x00007ffa0c585000 	C:\Users\Leno\.jdks\adopt-openjdk-14.0.2\bin\VCRUNTIME140.dll
0x00007ffa1e3e0000 - 0x00007ffa1e67a000 	C:\Windows\WinSxS\amd64_microsoft.windows.common-controls_6595b64144ccf1df_6.0.19041.844_none_ca00b6081b84eb1d\COMCTL32.dll
0x00007ffa2e9e0000 - 0x00007ffa2ea7e000 	C:\Windows\System32\msvcrt.dll
0x00007ffa2e260000 - 0x00007ffa2e290000 	C:\Windows\System32\IMM32.DLL
0x00007ff9e75c0000 - 0x00007ff9e765b000 	C:\Users\Leno\.jdks\adopt-openjdk-14.0.2\bin\msvcp140.dll
0x00007ff9d2ed0000 - 0x00007ff9d3a64000 	C:\Users\Leno\.jdks\adopt-openjdk-14.0.2\bin\server\jvm.dll
0x00007ffa2e830000 - 0x00007ffa2e8dc000 	C:\Windows\System32\ADVAPI32.dll
0x00007ffa2e8e0000 - 0x00007ffa2e97c000 	C:\Windows\System32\sechost.dll
0x00007ffa2ea90000 - 0x00007ffa2ebbb000 	C:\Windows\System32\RPCRT4.dll
0x00007ffa2ffa0000 - 0x00007ffa2ffa8000 	C:\Windows\System32\PSAPI.DLL
0x00007ffa2b0e0000 - 0x00007ffa2b0e9000 	C:\Windows\SYSTEM32\WSOCK32.dll
0x00007ffa2f0c0000 - 0x00007ffa2f12b000 	C:\Windows\System32\WS2_32.dll
0x00007ffa1f860000 - 0x00007ffa1f887000 	C:\Windows\SYSTEM32\WINMM.dll
0x00007ffa2a330000 - 0x00007ffa2a33a000 	C:\Windows\SYSTEM32\VERSION.dll
0x00007ffa2b7d0000 - 0x00007ffa2b7e2000 	C:\Windows\SYSTEM32\kernel.appcore.dll
0x00007ffa0f780000 - 0x00007ffa0f78a000 	C:\Users\Leno\.jdks\adopt-openjdk-14.0.2\bin\jimage.dll
0x00007ffa18c90000 - 0x00007ffa18e74000 	C:\Windows\SYSTEM32\DBGHELP.DLL
0x00007ffa18c60000 - 0x00007ffa18c8c000 	C:\Windows\SYSTEM32\dbgcore.DLL
0x00007ffa2d9d0000 - 0x00007ffa2da50000 	C:\Windows\System32\bcryptPrimitives.dll
0x00007ffa0e5a0000 - 0x00007ffa0e5ae000 	C:\Users\Leno\.jdks\adopt-openjdk-14.0.2\bin\instrument.dll
0x00007ff9f38b0000 - 0x00007ff9f38d5000 	C:\Users\Leno\.jdks\adopt-openjdk-14.0.2\bin\java.dll
0x00007ff9fc0c0000 - 0x00007ff9fc0d6000 	C:\Users\Leno\.jdks\adopt-openjdk-14.0.2\bin\zip.dll
0x00007ffa2f130000 - 0x00007ffa2f872000 	C:\Windows\System32\SHELL32.dll
0x00007ffa2b9d0000 - 0x00007ffa2c160000 	C:\Windows\SYSTEM32\windows.storage.dll
0x00007ffa2fa40000 - 0x00007ffa2fd95000 	C:\Windows\System32\combase.dll
0x00007ffa2d160000 - 0x00007ffa2d18c000 	C:\Windows\SYSTEM32\Wldp.dll
0x00007ffa2e1b0000 - 0x00007ffa2e25e000 	C:\Windows\System32\SHCORE.dll
0x00007ffa2e980000 - 0x00007ffa2e9d5000 	C:\Windows\System32\shlwapi.dll
0x00007ffa2d7d0000 - 0x00007ffa2d7ef000 	C:\Windows\SYSTEM32\profapi.dll
0x00007ff9f3810000 - 0x00007ff9f3829000 	C:\Users\Leno\.jdks\adopt-openjdk-14.0.2\bin\net.dll
0x00007ffa2a7c0000 - 0x00007ffa2a8cc000 	C:\Windows\SYSTEM32\WINHTTP.dll
0x00007ffa2cf50000 - 0x00007ffa2cfba000 	C:\Windows\system32\mswsock.dll
0x00007ff9ee710000 - 0x00007ff9ee722000 	C:\Users\Leno\.jdks\adopt-openjdk-14.0.2\bin\nio.dll
0x00007ff9edb30000 - 0x00007ff9edb4a000 	C:\Program Files\JetBrains\IntelliJ IDEA Community Edition 2020.3.2\bin\breakgen64.dll
0x00007ffa0c5b0000 - 0x00007ffa0c5c0000 	C:\Users\Leno\.jdks\adopt-openjdk-14.0.2\bin\verify.dll
0x00007ff9ed670000 - 0x00007ff9ed695000 	C:\Users\Leno\.jdks\adopt-openjdk-14.0.2\bin\sunec.dll
0x00007ffa06690000 - 0x00007ffa0669e000 	C:\Users\Leno\.jdks\adopt-openjdk-14.0.2\bin\sunmscapi.dll
0x00007ffa2e000000 - 0x00007ffa2e15f000 	C:\Windows\System32\CRYPT32.dll
0x00007ffa2d1d0000 - 0x00007ffa2d1f7000 	C:\Windows\SYSTEM32\ncrypt.dll
0x00007ffa2d190000 - 0x00007ffa2d1cb000 	C:\Windows\SYSTEM32\NTASN1.dll
0x00007ffa2d4c0000 - 0x00007ffa2d4d8000 	C:\Windows\SYSTEM32\CRYPTSP.dll
0x00007ffa2c910000 - 0x00007ffa2c944000 	C:\Windows\system32\rsaenh.dll
0x00007ffa2df20000 - 0x00007ffa2df47000 	C:\Windows\System32\bcrypt.dll
0x00007ffa2d790000 - 0x00007ffa2d7be000 	C:\Windows\SYSTEM32\USERENV.dll
0x00007ffa2d0d0000 - 0x00007ffa2d0dc000 	C:\Windows\SYSTEM32\CRYPTBASE.dll
0x00007ffa2cc60000 - 0x00007ffa2cc9b000 	C:\Windows\SYSTEM32\IPHLPAPI.DLL
0x00007ffa2fda0000 - 0x00007ffa2fda8000 	C:\Windows\System32\NSI.dll
0x00007ffa29a30000 - 0x00007ffa29a47000 	C:\Windows\SYSTEM32\dhcpcsvc6.DLL
0x00007ffa29980000 - 0x00007ffa2999d000 	C:\Windows\SYSTEM32\dhcpcsvc.DLL
0x00007ffa2cca0000 - 0x00007ffa2cd6b000 	C:\Windows\SYSTEM32\DNSAPI.dll
0x0000000067740000 - 0x0000000067818000 	C:\Users\Leno\AppData\Local\Temp\sqlite-3.34.0-0f8f580c-c9aa-434b-80c8-29fc8274636e-sqlitejdbc.dll

dbghelp: loaded successfully - version: 4.0.5 - missing functions: none
symbol engine: initialized successfully - sym options: 0x614 - pdb path: .;C:\Users\Leno\.jdks\adopt-openjdk-14.0.2\bin;C:\Windows\SYSTEM32;C:\Windows\WinSxS\amd64_microsoft.windows.common-controls_6595b64144ccf1df_6.0.19041.844_none_ca00b6081b84eb1d;C:\Users\Leno\.jdks\adopt-openjdk-14.0.2\bin\server;C:\Program Files\JetBrains\IntelliJ IDEA Community Edition 2020.3.2\bin;C:\Users\Leno\AppData\Local\Temp

VM Arguments:
jvm_args: -ea -Didea.test.cyclic.buffer.size=1048576 -javaagent:C:\Program Files\JetBrains\IntelliJ IDEA Community Edition 2020.3.2\lib\idea_rt.jar=52733:C:\Program Files\JetBrains\IntelliJ IDEA Community Edition 2020.3.2\bin -Dfile.encoding=UTF-8 
java_command: com.intellij.rt.junit.JUnitStarter -ideVersion5 -junit5 @w@C:\Users\Leno\AppData\Local\Temp\idea_working_dirs_junit.tmp @C:\Users\Leno\AppData\Local\Temp\idea_junit.tmp -socket52732
java_class_path (initial): C:\Program Files\JetBrains\IntelliJ IDEA Community Edition 2020.3.2\lib\idea_rt.jar;C:\Users\Leno\.m2\repository\org\junit\platform\junit-platform-launcher\1.7.0\junit-platform-launcher-1.7.0.jar;C:\Users\Leno\.m2\repository\org\junit\vintage\junit-vintage-engine\5.7.0\junit-vintage-engine-5.7.0.jar;C:\Program Files\JetBrains\IntelliJ IDEA Community Edition 2020.3.2\plugins\junit\lib\junit5-rt.jar;C:\Program Files\JetBrains\IntelliJ IDEA Community Edition 2020.3.2\plugins\junit\lib\junit-rt.jar;F:\Repos\Group3-monitoring-distributed-systems\Monitor-Client\target\test-classes;F:\Repos\Group3-monitoring-distributed-systems\Monitor-Client\target\classes;C:\Users\Leno\.m2\repository\io\swagger\swagger-annotations\1.6.2\swagger-annotations-1.6.2.jar;C:\Users\Leno\.m2\repository\io\springfox\springfox-spring-web\2.9.2\springfox-spring-web-2.9.2.jar;C:\Users\Leno\.m2\repository\com\google\guava\guava\20.0\guava-20.0.jar;C:\Users\Leno\.m2\repository\com\fasterxml\classmate\1.5.1\classmate-1.5.1.jar;C:\Users\Leno\.m2\repository\org\slf4j\slf4j-api\1.7.30\slf4j-api-1.7.30.jar;C:\Users\Leno\.m2\repository\org\springframework\plugin\spring-plugin-core\1.2.0.RELEASE\spring-plugin-core-1.2.0.RELEASE.jar;C:\Users\Leno\.m2\repository\org\springframework\spring-context\5.3.3\spring-context-5.3.3.jar;C:\Users\Leno\.m2\repository\org\springframework\spring-aop\5.3.3\spring-aop-5.3.3.jar;C:\Users\Leno\.m2\repository\org\springframework\plugin\spring-plugin-metadata\1.2.0.RELEASE\spring-plugin-metadata-1.2.0.RELEASE.jar;C:\Users\Leno\.m2\repository\io\springfox\springfox-spi\2.9.2\springfox-spi-2.9.2.jar;C:\Users\Leno\.m2\repository\io\springfox\springfox-core\2.9.2\springfox-core-2.9.2.jar;C:\Users\Leno\.m2\repository\org\springframework\boot\spring-boot-starter-web\2.4.2\spring-boot-starter-web-2.4.2.jar;C:\Users\Leno\.m2\repository\org\springframework\boot\spring-boot-starter\2.4.2\spring-boot-starter-2.4.2.jar;C:\Users\Leno\.m2\repository\org\springframe
Launcher Type: SUN_STANDARD

[Global flags]
     intx CICompilerCount                          = 3                                         {product} {ergonomic}
     uint ConcGCThreads                            = 1                                         {product} {ergonomic}
     uint G1ConcRefinementThreads                  = 4                                         {product} {ergonomic}
   size_t G1HeapRegionSize                         = 1048576                                   {product} {ergonomic}
    uintx GCDrainStackTargetSize                   = 64                                        {product} {ergonomic}
   size_t InitialHeapSize                          = 268435456                                 {product} {ergonomic}
   size_t MarkStackSize                            = 4194304                                   {product} {ergonomic}
   size_t MaxHeapSize                              = 4265607168                                {product} {ergonomic}
   size_t MaxNewSize                               = 2558525440                                {product} {ergonomic}
   size_t MinHeapDeltaBytes                        = 1048576                                   {product} {ergonomic}
   size_t MinHeapSize                              = 8388608                                   {product} {ergonomic}
    uintx NonNMethodCodeHeapSize                   = 5832780                                {pd product} {ergonomic}
    uintx NonProfiledCodeHeapSize                  = 122912730                              {pd product} {ergonomic}
    uintx ProfiledCodeHeapSize                     = 122912730                              {pd product} {ergonomic}
    uintx ReservedCodeCacheSize                    = 251658240                              {pd product} {ergonomic}
     bool SegmentedCodeCache                       = true                                      {product} {ergonomic}
   size_t SoftMaxHeapSize                          = 4265607168                             {manageable} {ergonomic}
     bool UseCompressedClassPointers               = true                                 {lp64_product} {ergonomic}
     bool UseCompressedOops                        = true                                 {lp64_product} {ergonomic}
     bool UseG1GC                                  = true                                      {product} {ergonomic}
     bool UseLargePagesIndividualAllocation        = false                                  {pd product} {ergonomic}

Logging:
Log output configuration:
 #0: stdout all=warning uptime,level,tags
 #1: stderr all=off uptime,level,tags

Environment Variables:
PATH=C:\Program Files\Common Files\Oracle\Java\javapath;C:\Python39\Scripts\;C:\Python39\;C:\Program Files (x86)\Common Files\Oracle\Java\javapath;C:\Windows\system32;C:\Windows;C:\Windows\System32\Wbem;C:\Windows\System32\WindowsPowerShell\v1.0\;C:\Windows\System32\OpenSSH\;C:\Program Files (x86)\NVIDIA Corporation\PhysX\Common;D:\NPM\;C:\ProgramData\chocolatey\bin;C:\Users\Leno\AppData\Local\Microsoft\WindowsApps;C:\Users\Leno\AppData\Local\Programs\Microsoft VS Code\bin;C:\Users\Leno\AppData\Local\GitHubDesktop\bin;C:\Users\Leno\AppData\Roaming\npm
USERNAME=Leno
OS=Windows_NT
PROCESSOR_IDENTIFIER=Intel64 Family 6 Model 94 Stepping 3, GenuineIntel



---------------  S Y S T E M  ---------------

OS: Windows 10 , 64 bit Build 19041 (10.0.19041.804)
OS uptime: 2 days 22:04 hours
HyperV virtualization detected

CPU:total 4 (initial active 4) (4 cores per cpu, 1 threads per core) family 6 model 94 stepping 3, cmov, cx8, fxsr, mmx, sse, sse2, sse3, ssse3, sse4.1, sse4.2, popcnt, avx, avx2, aes, clmul, erms, rtm, 3dnowpref, lzcnt, tsc, tscinvbit, bmi1, bmi2, adx, fma

Memory: 4k page, system-wide physical 16270M (6091M free)
TotalPageFile size 32654M (AvailPageFile size 12531M)
current process WorkingSet (physical memory assigned to process): 100M, peak: 113M
current process commit charge ("private bytes"): 362M, peak: 375M

vm_info: OpenJDK 64-Bit Server VM (14.0.2+12) for windows-amd64 JRE (14.0.2+12), built on Jul 15 2020 11:30:16 by "" with MS VC++ 15.9 (VS2017)

END.
