#
# A fatal error has been detected by the Java Runtime Environment:
#
#  EXCEPTION_ACCESS_VIOLATION (0xc0000005) at pc=0x00007ff8c215faad, pid=36280, tid=12820
#
# JRE version: Java(TM) SE Runtime Environment (14.0+36) (build 14+36-1461)
# Java VM: Java HotSpot(TM) 64-Bit Server VM (14+36-1461, mixed mode, sharing, tiered, compressed oops, g1 gc, windows-amd64)
# Problematic frame:
# C  [ntdll.dll+0x2faad]
#
# No core dump will be written. Minidumps are not enabled by default on client versions of Windows
#
# If you would like to submit a bug report, please visit:
#   https://bugreport.java.com/bugreport/crash.jsp
# The crash happened outside the Java Virtual Machine in native code.
# See problematic frame for where to report the bug.
#

---------------  S U M M A R Y ------------

Command Line: -ea -Didea.test.cyclic.buffer.size=1048576 -javaagent:C:\Program Files\JetBrains\IntelliJ IDEA Community Edition 2019.3.2\lib\idea_rt.jar=61773:C:\Program Files\JetBrains\IntelliJ IDEA Community Edition 2019.3.2\bin -Dfile.encoding=UTF-8 com.intellij.rt.junit.JUnitStarter -ideVersion5 -junit5 com.group3.monitorClient.messenger.lazyMessenger.LazyMessenger_Test,RequirementsTest

Host: Intel(R) Core(TM) i5-3570 CPU @ 3.40GHz, 4 cores, 7G,  Windows 10 , 64 bit Build 19041 (10.0.19041.928)
Time: Tue Apr 20 09:25:29 2021 Romance Daylight Time elapsed time: 2 seconds (0d 0h 0m 2s)

---------------  T H R E A D  ---------------

Current thread (0x000001d5b4fba800):  JavaThread "Thread-0" [_thread_in_native, id=12820, stack(0x0000006a74200000,0x0000006a74300000)]

Stack: [0x0000006a74200000,0x0000006a74300000],  sp=0x0000006a742fee60,  free space=1019k
Native frames: (J=compiled Java code, j=interpreted, Vv=VM code, C=native code)
C  [ntdll.dll+0x2faad]
C  [sqlite-3.34.0-cff9cb5e-1579-45e9-a222-95a3a4e03419-sqlitejdbc.dll+0x1251f]

Java frames: (J=compiled Java code, j=interpreted, Vv=VM code)
j  org.sqlite.core.NativeDB.column_int(JI)I+0
j  org.sqlite.jdbc3.JDBC3ResultSet.getInt(I)I+18
j  org.sqlite.jdbc3.JDBC3ResultSet.getInt(Ljava/lang/String;)I+6
j  com.group3.monitorClient.messenger.messages.MessageCreator.MakeMessageFromSQL(Ljava/sql/ResultSet;)Lcom/group3/monitorClient/messenger/messages/MessageInterface;+5
j  com.group3.monitorClient.messenger.Messenger.SendMessage()V+17
j  com.group3.monitorClient.messenger.Messenger.run()V+30
j  java.lang.Thread.run()V+11 java.base@14
v  ~StubRoutines::call_stub

siginfo: EXCEPTION_ACCESS_VIOLATION (0xc0000005), writing address 0x000000003bafb387


Register to memory mapping:

RIP=0x00007ff8c215faad ntdll.dll
RAX=0x0000006a72b66000 points into unknown readable memory: 00 00 00 00 00 00 00 00
RBX=0x0000000000000001 is an unknown value
RCX=0x000000003bafb37f is an unknown value
RDX=0x0000000000000001 is an unknown value
RSP=0x0000006a742fee60 is pointing into the stack for thread: 0x000001d5b4fba800
RBP=0x0000006a742fefb0 is pointing into the stack for thread: 0x000001d5b4fba800
RSI=0x000001d5b68e0318 points into unknown readable memory: b0 60 8d b6 d5 01 00 00
RDI=0x000000080031eae0 is a pointer to class: 
java.util.HashMap$Node {0x000000080031eae8}
R8 =0x000001d5b68e0318 points into unknown readable memory: b0 60 8d b6 d5 01 00 00
R9 =0x0000000000000001 is an unknown value
R10=0x000001d59d6e0005 is at code_begin+1477 in an Interpreter codelet
method entry point (kind = native_synchronized)  [0x000001d59d6dfa40, 0x000001d59d6e06c0]  3200 bytes
R11=0x0000000000000121 is an unknown value
R12=0x0 is NULL
R13={method} {0x000001d5b64b2728} 'column_int' '(JI)I' in 'org/sqlite/core/NativeDB'
R14=0x0000006a742fefe8 is pointing into the stack for thread: 0x000001d5b4fba800
R15=0x000001d5b4fba800 is a thread


Registers:
RAX=0x0000006a72b66000, RBX=0x0000000000000001, RCX=0x000000003bafb37f, RDX=0x0000000000000001
RSP=0x0000006a742fee60, RBP=0x0000006a742fefb0, RSI=0x000001d5b68e0318, RDI=0x000000080031eae0
R8 =0x000001d5b68e0318, R9 =0x0000000000000001, R10=0x000001d59d6e0005, R11=0x0000000000000121
R12=0x0000000000000000, R13=0x000001d5b64b2720, R14=0x0000006a742fefe8, R15=0x000001d5b4fba800
RIP=0x00007ff8c215faad, EFLAGS=0x0000000000010206

Top of Stack: (sp=0x0000006a742fee60)
0x0000006a742fee60:   0000000000000000 0000000000000000
0x0000006a742fee70:   0000000800000001 00007ff86da11ba0
0x0000006a742fee80:   00006529b61cf4a5 000000006775251f
0x0000006a742fee90:   0000006a742fef58 000001d5b64b2720
0x0000006a742feea0:   0000000000000000 0000006a742fef58
0x0000006a742feeb0:   0000006a72ffc730 000001d5b68e0318
0x0000006a742feec0:   0000000000000000 000000006775256e
0x0000006a742feed0:   000001d5b4826500 000001d500000005
0x0000006a742feee0:   000001d500000002 000001d5b5832eb0
0x0000006a742feef0:   0000006a742fefe8 00007ff86d3087d3
0x0000006a742fef00:   000001d5b64b2720 000001d59d6e0034
0x0000006a742fef10:   000001d5b5832270 0000006a742fef68
0x0000006a742fef20:   000000080031eae0 000001d59d6dfd5d
0x0000006a742fef30:   0000000000000000 0000006a742fefb0
0x0000006a742fef40:   0000000000000000 0000006a742fef60
0x0000006a742fef50:   000001d59d6dfd04 0000000000000003 

Instructions: (pc=0x00007ff8c215faad)
0x00007ff8c215f9ad:   48 b8 7f 7f 7f 7f 7f 7f 7f 7f 41 8b c8 48 0b cb
0x00007ff8c215f9bd:   48 23 c8 83 e6 1f 49 89 8c f4 40 85 16 00 48 81
0x00007ff8c215f9cd:   c4 98 00 00 00 41 5f 41 5e 41 5d 41 5c 5f 5e 5b
0x00007ff8c215f9dd:   5d c3 cc 33 d2 41 8b c6 41 f7 f0 44 8b c8 e9 d6
0x00007ff8c215f9ed:   fc ff ff 41 8d 57 ff 41 85 d7 0f 84 d3 34 08 00
0x00007ff8c215f9fd:   41 b8 00 10 00 00 41 b9 ff ff 00 00 e9 fc 34 08
0x00007ff8c215fa0d:   00 cc cc cc cc cc cc 48 8b c4 48 89 58 08 48 89
0x00007ff8c215fa1d:   68 10 48 89 70 18 48 89 78 20 41 56 48 83 ec 20
0x00007ff8c215fa2d:   40 8a ea 4c 8d 35 99 b1 13 00 48 8b f1 33 db 48
0x00007ff8c215fa3d:   8d 0d 9d b1 13 00 e8 58 00 00 00 4c 8b 05 81 b1
0x00007ff8c215fa4d:   13 00 4d 3b c6 0f 85 c8 37 08 00 48 85 db 75 33
0x00007ff8c215fa5d:   48 8d 0d 7c b1 13 00 e8 c7 f7 ff ff 48 85 db 0f
0x00007ff8c215fa6d:   85 e3 37 08 00 33 c0 48 8b 5c 24 30 48 8b 6c 24
0x00007ff8c215fa7d:   38 48 8b 74 24 40 48 8b 7c 24 48 48 83 c4 20 41
0x00007ff8c215fa8d:   5e c3 cc f0 ff 43 3c eb c7 cc cc cc cc cc cc cc
0x00007ff8c215fa9d:   cc cc cc 48 83 ec 28 65 48 8b 04 25 30 00 00 00
0x00007ff8c215faad:   f0 0f ba 71 08 00 48 8b 40 48 73 13 48 89 41 10
0x00007ff8c215fabd:   33 c0 c7 41 0c 01 00 00 00 48 83 c4 28 c3 cc 48
0x00007ff8c215facd:   39 41 10 75 0b ff 41 0c 33 c0 48 83 c4 28 c3 cc
0x00007ff8c215fadd:   e8 0e 00 00 00 eb e2 cc cc cc cc cc cc cc cc cc
0x00007ff8c215faed:   cc cc cc 48 89 5c 24 18 55 56 57 41 54 41 55 41
0x00007ff8c215fafd:   56 41 57 48 83 ec 20 8b 41 20 48 8b f1 48 0f ba
0x00007ff8c215fb0d:   e0 1a 0f 82 df 01 00 00 33 ff 40 32 ed 66 83 3c
0x00007ff8c215fb1d:   25 6a 03 fe 7f 01 76 19 48 8b 7e 20 48 8b c7 81
0x00007ff8c215fb2d:   e7 ff ff ff 00 25 00 00 00 02 48 85 c0 40 0f 95
0x00007ff8c215fb3d:   c5 45 32 ff b0 01 45 32 e4 41 bd 01 00 00 00 45
0x00007ff8c215fb4d:   33 c0 ba 6a 03 fe 7f 84 c0 0f 84 14 01 00 00 8b
0x00007ff8c215fb5d:   46 08 4c 8d 4e 08 45 84 e4 41 be 03 00 00 00 45
0x00007ff8c215fb6d:   0f 44 f5 41 84 c5 0f 85 e2 00 00 00 8d 0c bf 03
0x00007ff8c215fb7d:   c9 66 44 39 2a 0f 86 e8 00 00 00 4d 85 c9 74 0e
0x00007ff8c215fb8d:   80 3c 25 97 02 fe 7f 00 0f 85 e9 36 08 00 0f b7
0x00007ff8c215fb9d:   1c 25 d6 02 fe 7f 83 fb 0c 0f 85 a2 00 00 00 b8 


Stack slot to memory mapping:
stack at sp + 0 slots: 0x0 is NULL
stack at sp + 1 slots: 0x0 is NULL
stack at sp + 2 slots: 0x0000000800000001 is pointing into metadata
stack at sp + 3 slots: 0x00007ff86da11ba0 jvm.dll
stack at sp + 4 slots: 0x00006529b61cf4a5 is an unknown value
stack at sp + 5 slots: 0x000000006775251f sqlite-3.34.0-cff9cb5e-1579-45e9-a222-95a3a4e03419-sqlitejdbc.dll
stack at sp + 6 slots: 0x0000006a742fef58 is pointing into the stack for thread: 0x000001d5b4fba800
stack at sp + 7 slots: {method} {0x000001d5b64b2728} 'column_int' '(JI)I' in 'org/sqlite/core/NativeDB'


---------------  P R O C E S S  ---------------

Threads class SMR info:
_java_thread_list=0x000001d5b58f5350, length=14, elements={
0x000001d593752800, 0x000001d5b3e3d800, 0x000001d5b3e3f000, 0x000001d5b3e58800,
0x000001d5b3e5c000, 0x000001d5b3e5e000, 0x000001d5b3e5f800, 0x000001d5b3e70000,
0x000001d5b3e9e000, 0x000001d5b3e24800, 0x000001d5b4920800, 0x000001d5b4921800,
0x000001d5b4fba800, 0x000001d5b5f17800
}

Java Threads: ( => current thread )
  0x000001d593752800 JavaThread "main" [_thread_blocked, id=42380, stack(0x0000006a72f00000,0x0000006a73000000)]
  0x000001d5b3e3d800 JavaThread "Reference Handler" daemon [_thread_blocked, id=21324, stack(0x0000006a73600000,0x0000006a73700000)]
  0x000001d5b3e3f000 JavaThread "Finalizer" daemon [_thread_blocked, id=19300, stack(0x0000006a73700000,0x0000006a73800000)]
  0x000001d5b3e58800 JavaThread "Signal Dispatcher" daemon [_thread_blocked, id=8788, stack(0x0000006a73800000,0x0000006a73900000)]
  0x000001d5b3e5c000 JavaThread "Attach Listener" daemon [_thread_blocked, id=23816, stack(0x0000006a73900000,0x0000006a73a00000)]
  0x000001d5b3e5e000 JavaThread "Service Thread" daemon [_thread_blocked, id=23188, stack(0x0000006a73a00000,0x0000006a73b00000)]
  0x000001d5b3e5f800 JavaThread "C2 CompilerThread0" daemon [_thread_blocked, id=2284, stack(0x0000006a73b00000,0x0000006a73c00000)]
  0x000001d5b3e70000 JavaThread "C1 CompilerThread0" daemon [_thread_blocked, id=18308, stack(0x0000006a73c00000,0x0000006a73d00000)]
  0x000001d5b3e9e000 JavaThread "Sweeper thread" daemon [_thread_blocked, id=35256, stack(0x0000006a73d00000,0x0000006a73e00000)]
  0x000001d5b3e24800 JavaThread "Common-Cleaner" daemon [_thread_blocked, id=36952, stack(0x0000006a73e00000,0x0000006a73f00000)]
  0x000001d5b4920800 JavaThread "Monitor Ctrl-Break" daemon [_thread_in_native, id=10016, stack(0x0000006a73f00000,0x0000006a74000000)]
  0x000001d5b4921800 JavaThread "Notification Thread" daemon [_thread_blocked, id=10808, stack(0x0000006a74000000,0x0000006a74100000)]
=>0x000001d5b4fba800 JavaThread "Thread-0" [_thread_in_native, id=12820, stack(0x0000006a74200000,0x0000006a74300000)]
  0x000001d5b5f17800 JavaThread "Thread-1" [_thread_blocked, id=11344, stack(0x0000006a74500000,0x0000006a74600000)]

Other Threads:
  0x000001d5b3e3c000 VMThread "VM Thread" [stack: 0x0000006a73500000,0x0000006a73600000] [id=41692]
  0x000001d5b4922000 WatcherThread [stack: 0x0000006a74100000,0x0000006a74200000] [id=34432]
  0x000001d59378f800 GCTaskThread "GC Thread#0" [stack: 0x0000006a73000000,0x0000006a73100000] [id=35568]
  0x000001d5b4e8f000 GCTaskThread "GC Thread#1" [stack: 0x0000006a74300000,0x0000006a74400000] [id=21648]
  0x000001d5b531f000 GCTaskThread "GC Thread#2" [stack: 0x0000006a74400000,0x0000006a74500000] [id=27672]
  0x000001d5937a2000 ConcurrentGCThread "G1 Main Marker" [stack: 0x0000006a73100000,0x0000006a73200000] [id=11396]
  0x000001d5937a3000 ConcurrentGCThread "G1 Conc#0" [stack: 0x0000006a73200000,0x0000006a73300000] [id=35940]
  0x000001d5b3cb0800 ConcurrentGCThread "G1 Refine#0" [stack: 0x0000006a73300000,0x0000006a73400000] [id=12780]
  0x000001d59381d800 ConcurrentGCThread "G1 Young RemSet Sampling" [stack: 0x0000006a73400000,0x0000006a73500000] [id=42844]

Threads with active compile tasks:

VM state:not at safepoint (normal execution)

VM Mutex/Monitor currently owned by a thread: None

Heap address: 0x0000000081c00000, size: 2020 MB, Compressed Oops mode: 32-bit
Narrow klass base: 0x0000000800000000, Narrow klass shift: 3
Compressed class space size: 1073741824 Address: 0x0000000800b30000

Heap:
 garbage-first heap   total 131072K, used 15101K [0x0000000081c00000, 0x0000000100000000)
  region size 1024K, 11 young (11264K), 4 survivors (4096K)
 Metaspace       used 11948K, capacity 12578K, committed 12672K, reserved 1060864K
  class space    used 1412K, capacity 1656K, committed 1664K, reserved 1048576K
Heap Regions: E=young(eden), S=young(survivor), O=old, HS=humongous(starts), HC=humongous(continues), CS=collection set, F=free, OA=open archive, CA=closed archive, TAMS=top-at-mark-start (previous, next)
|   0|0x0000000081c00000, 0x0000000081d00000, 0x0000000081d00000|100%|HS|  |TAMS 0x0000000081c00000, 0x0000000081c00000| Complete 
|   1|0x0000000081d00000, 0x0000000081e00000, 0x0000000081e00000|100%| O|  |TAMS 0x0000000081d00000, 0x0000000081d00000| Untracked 
|   2|0x0000000081e00000, 0x0000000081f00000, 0x0000000081f00000|100%| O|  |TAMS 0x0000000081e00000, 0x0000000081e00000| Untracked 
|   3|0x0000000081f00000, 0x0000000082000000, 0x0000000082000000|100%| O|  |TAMS 0x0000000081f00000, 0x0000000081f00000| Untracked 
|   4|0x0000000082000000, 0x0000000082100000, 0x0000000082100000|100%| O|  |TAMS 0x0000000082000000, 0x0000000082000000| Untracked 
|   5|0x0000000082100000, 0x000000008216ec00, 0x0000000082200000| 43%| O|  |TAMS 0x0000000082100000, 0x0000000082100000| Untracked 
|   6|0x0000000082200000, 0x0000000082200000, 0x0000000082300000|  0%| F|  |TAMS 0x0000000082200000, 0x0000000082200000| Untracked 
|   7|0x0000000082300000, 0x0000000082300000, 0x0000000082400000|  0%| F|  |TAMS 0x0000000082300000, 0x0000000082300000| Untracked 
|   8|0x0000000082400000, 0x0000000082400000, 0x0000000082500000|  0%| F|  |TAMS 0x0000000082400000, 0x0000000082400000| Untracked 
|   9|0x0000000082500000, 0x0000000082500000, 0x0000000082600000|  0%| F|  |TAMS 0x0000000082500000, 0x0000000082500000| Untracked 
|  10|0x0000000082600000, 0x0000000082600000, 0x0000000082700000|  0%| F|  |TAMS 0x0000000082600000, 0x0000000082600000| Untracked 
|  11|0x0000000082700000, 0x0000000082700000, 0x0000000082800000|  0%| F|  |TAMS 0x0000000082700000, 0x0000000082700000| Untracked 
|  12|0x0000000082800000, 0x0000000082800000, 0x0000000082900000|  0%| F|  |TAMS 0x0000000082800000, 0x0000000082800000| Untracked 
|  13|0x0000000082900000, 0x0000000082900000, 0x0000000082a00000|  0%| F|  |TAMS 0x0000000082900000, 0x0000000082900000| Untracked 
|  14|0x0000000082a00000, 0x0000000082a00000, 0x0000000082b00000|  0%| F|  |TAMS 0x0000000082a00000, 0x0000000082a00000| Untracked 
|  15|0x0000000082b00000, 0x0000000082b00000, 0x0000000082c00000|  0%| F|  |TAMS 0x0000000082b00000, 0x0000000082b00000| Untracked 
|  16|0x0000000082c00000, 0x0000000082c00000, 0x0000000082d00000|  0%| F|  |TAMS 0x0000000082c00000, 0x0000000082c00000| Untracked 
|  17|0x0000000082d00000, 0x0000000082d00000, 0x0000000082e00000|  0%| F|  |TAMS 0x0000000082d00000, 0x0000000082d00000| Untracked 
|  18|0x0000000082e00000, 0x0000000082e00000, 0x0000000082f00000|  0%| F|  |TAMS 0x0000000082e00000, 0x0000000082e00000| Untracked 
|  19|0x0000000082f00000, 0x0000000082f00000, 0x0000000083000000|  0%| F|  |TAMS 0x0000000082f00000, 0x0000000082f00000| Untracked 
|  20|0x0000000083000000, 0x0000000083000000, 0x0000000083100000|  0%| F|  |TAMS 0x0000000083000000, 0x0000000083000000| Untracked 
|  21|0x0000000083100000, 0x0000000083100000, 0x0000000083200000|  0%| F|  |TAMS 0x0000000083100000, 0x0000000083100000| Untracked 
|  22|0x0000000083200000, 0x0000000083200000, 0x0000000083300000|  0%| F|  |TAMS 0x0000000083200000, 0x0000000083200000| Untracked 
|  23|0x0000000083300000, 0x0000000083300000, 0x0000000083400000|  0%| F|  |TAMS 0x0000000083300000, 0x0000000083300000| Untracked 
|  24|0x0000000083400000, 0x0000000083400000, 0x0000000083500000|  0%| F|  |TAMS 0x0000000083400000, 0x0000000083400000| Untracked 
|  25|0x0000000083500000, 0x0000000083500000, 0x0000000083600000|  0%| F|  |TAMS 0x0000000083500000, 0x0000000083500000| Untracked 
|  26|0x0000000083600000, 0x0000000083600000, 0x0000000083700000|  0%| F|  |TAMS 0x0000000083600000, 0x0000000083600000| Untracked 
|  27|0x0000000083700000, 0x0000000083700000, 0x0000000083800000|  0%| F|  |TAMS 0x0000000083700000, 0x0000000083700000| Untracked 
|  28|0x0000000083800000, 0x0000000083800000, 0x0000000083900000|  0%| F|  |TAMS 0x0000000083800000, 0x0000000083800000| Untracked 
|  29|0x0000000083900000, 0x0000000083900000, 0x0000000083a00000|  0%| F|  |TAMS 0x0000000083900000, 0x0000000083900000| Untracked 
|  30|0x0000000083a00000, 0x0000000083a00000, 0x0000000083b00000|  0%| F|  |TAMS 0x0000000083a00000, 0x0000000083a00000| Untracked 
|  31|0x0000000083b00000, 0x0000000083b00000, 0x0000000083c00000|  0%| F|  |TAMS 0x0000000083b00000, 0x0000000083b00000| Untracked 
|  32|0x0000000083c00000, 0x0000000083c00000, 0x0000000083d00000|  0%| F|  |TAMS 0x0000000083c00000, 0x0000000083c00000| Untracked 
|  33|0x0000000083d00000, 0x0000000083d00000, 0x0000000083e00000|  0%| F|  |TAMS 0x0000000083d00000, 0x0000000083d00000| Untracked 
|  34|0x0000000083e00000, 0x0000000083e00000, 0x0000000083f00000|  0%| F|  |TAMS 0x0000000083e00000, 0x0000000083e00000| Untracked 
|  35|0x0000000083f00000, 0x0000000083f00000, 0x0000000084000000|  0%| F|  |TAMS 0x0000000083f00000, 0x0000000083f00000| Untracked 
|  36|0x0000000084000000, 0x0000000084000000, 0x0000000084100000|  0%| F|  |TAMS 0x0000000084000000, 0x0000000084000000| Untracked 
|  37|0x0000000084100000, 0x0000000084100000, 0x0000000084200000|  0%| F|  |TAMS 0x0000000084100000, 0x0000000084100000| Untracked 
|  38|0x0000000084200000, 0x0000000084200000, 0x0000000084300000|  0%| F|  |TAMS 0x0000000084200000, 0x0000000084200000| Untracked 
|  39|0x0000000084300000, 0x0000000084300000, 0x0000000084400000|  0%| F|  |TAMS 0x0000000084300000, 0x0000000084300000| Untracked 
|  40|0x0000000084400000, 0x0000000084400000, 0x0000000084500000|  0%| F|  |TAMS 0x0000000084400000, 0x0000000084400000| Untracked 
|  41|0x0000000084500000, 0x0000000084500000, 0x0000000084600000|  0%| F|  |TAMS 0x0000000084500000, 0x0000000084500000| Untracked 
|  42|0x0000000084600000, 0x0000000084600000, 0x0000000084700000|  0%| F|  |TAMS 0x0000000084600000, 0x0000000084600000| Untracked 
|  43|0x0000000084700000, 0x0000000084700000, 0x0000000084800000|  0%| F|  |TAMS 0x0000000084700000, 0x0000000084700000| Untracked 
|  44|0x0000000084800000, 0x0000000084800000, 0x0000000084900000|  0%| F|  |TAMS 0x0000000084800000, 0x0000000084800000| Untracked 
|  45|0x0000000084900000, 0x0000000084900000, 0x0000000084a00000|  0%| F|  |TAMS 0x0000000084900000, 0x0000000084900000| Untracked 
|  46|0x0000000084a00000, 0x0000000084a00000, 0x0000000084b00000|  0%| F|  |TAMS 0x0000000084a00000, 0x0000000084a00000| Untracked 
|  47|0x0000000084b00000, 0x0000000084b00000, 0x0000000084c00000|  0%| F|  |TAMS 0x0000000084b00000, 0x0000000084b00000| Untracked 
|  48|0x0000000084c00000, 0x0000000084c00000, 0x0000000084d00000|  0%| F|  |TAMS 0x0000000084c00000, 0x0000000084c00000| Untracked 
|  49|0x0000000084d00000, 0x0000000084d00000, 0x0000000084e00000|  0%| F|  |TAMS 0x0000000084d00000, 0x0000000084d00000| Untracked 
|  50|0x0000000084e00000, 0x0000000084e00000, 0x0000000084f00000|  0%| F|  |TAMS 0x0000000084e00000, 0x0000000084e00000| Untracked 
|  51|0x0000000084f00000, 0x0000000084f00000, 0x0000000085000000|  0%| F|  |TAMS 0x0000000084f00000, 0x0000000084f00000| Untracked 
|  52|0x0000000085000000, 0x0000000085000000, 0x0000000085100000|  0%| F|  |TAMS 0x0000000085000000, 0x0000000085000000| Untracked 
|  53|0x0000000085100000, 0x0000000085100000, 0x0000000085200000|  0%| F|  |TAMS 0x0000000085100000, 0x0000000085100000| Untracked 
|  54|0x0000000085200000, 0x0000000085200000, 0x0000000085300000|  0%| F|  |TAMS 0x0000000085200000, 0x0000000085200000| Untracked 
|  55|0x0000000085300000, 0x0000000085300000, 0x0000000085400000|  0%| F|  |TAMS 0x0000000085300000, 0x0000000085300000| Untracked 
|  56|0x0000000085400000, 0x0000000085400000, 0x0000000085500000|  0%| F|  |TAMS 0x0000000085400000, 0x0000000085400000| Untracked 
|  57|0x0000000085500000, 0x0000000085500000, 0x0000000085600000|  0%| F|  |TAMS 0x0000000085500000, 0x0000000085500000| Untracked 
|  58|0x0000000085600000, 0x0000000085600000, 0x0000000085700000|  0%| F|  |TAMS 0x0000000085600000, 0x0000000085600000| Untracked 
|  59|0x0000000085700000, 0x0000000085700000, 0x0000000085800000|  0%| F|  |TAMS 0x0000000085700000, 0x0000000085700000| Untracked 
|  60|0x0000000085800000, 0x0000000085800000, 0x0000000085900000|  0%| F|  |TAMS 0x0000000085800000, 0x0000000085800000| Untracked 
|  61|0x0000000085900000, 0x0000000085900000, 0x0000000085a00000|  0%| F|  |TAMS 0x0000000085900000, 0x0000000085900000| Untracked 
|  62|0x0000000085a00000, 0x0000000085a00000, 0x0000000085b00000|  0%| F|  |TAMS 0x0000000085a00000, 0x0000000085a00000| Untracked 
|  63|0x0000000085b00000, 0x0000000085b00000, 0x0000000085c00000|  0%| F|  |TAMS 0x0000000085b00000, 0x0000000085b00000| Untracked 
|  64|0x0000000085c00000, 0x0000000085c00000, 0x0000000085d00000|  0%| F|  |TAMS 0x0000000085c00000, 0x0000000085c00000| Untracked 
|  65|0x0000000085d00000, 0x0000000085d00000, 0x0000000085e00000|  0%| F|  |TAMS 0x0000000085d00000, 0x0000000085d00000| Untracked 
|  66|0x0000000085e00000, 0x0000000085e00000, 0x0000000085f00000|  0%| F|  |TAMS 0x0000000085e00000, 0x0000000085e00000| Untracked 
|  67|0x0000000085f00000, 0x0000000085f00000, 0x0000000086000000|  0%| F|  |TAMS 0x0000000085f00000, 0x0000000085f00000| Untracked 
|  68|0x0000000086000000, 0x0000000086000000, 0x0000000086100000|  0%| F|  |TAMS 0x0000000086000000, 0x0000000086000000| Untracked 
|  69|0x0000000086100000, 0x0000000086100000, 0x0000000086200000|  0%| F|  |TAMS 0x0000000086100000, 0x0000000086100000| Untracked 
|  70|0x0000000086200000, 0x0000000086200000, 0x0000000086300000|  0%| F|  |TAMS 0x0000000086200000, 0x0000000086200000| Untracked 
|  71|0x0000000086300000, 0x0000000086300000, 0x0000000086400000|  0%| F|  |TAMS 0x0000000086300000, 0x0000000086300000| Untracked 
|  72|0x0000000086400000, 0x0000000086400000, 0x0000000086500000|  0%| F|  |TAMS 0x0000000086400000, 0x0000000086400000| Untracked 
|  73|0x0000000086500000, 0x0000000086500000, 0x0000000086600000|  0%| F|  |TAMS 0x0000000086500000, 0x0000000086500000| Untracked 
|  74|0x0000000086600000, 0x0000000086600000, 0x0000000086700000|  0%| F|  |TAMS 0x0000000086600000, 0x0000000086600000| Untracked 
|  75|0x0000000086700000, 0x0000000086700000, 0x0000000086800000|  0%| F|  |TAMS 0x0000000086700000, 0x0000000086700000| Untracked 
|  76|0x0000000086800000, 0x0000000086800000, 0x0000000086900000|  0%| F|  |TAMS 0x0000000086800000, 0x0000000086800000| Untracked 
|  77|0x0000000086900000, 0x0000000086900000, 0x0000000086a00000|  0%| F|  |TAMS 0x0000000086900000, 0x0000000086900000| Untracked 
|  78|0x0000000086a00000, 0x0000000086a00000, 0x0000000086b00000|  0%| F|  |TAMS 0x0000000086a00000, 0x0000000086a00000| Untracked 
|  79|0x0000000086b00000, 0x0000000086b00000, 0x0000000086c00000|  0%| F|  |TAMS 0x0000000086b00000, 0x0000000086b00000| Untracked 
|  80|0x0000000086c00000, 0x0000000086c00000, 0x0000000086d00000|  0%| F|  |TAMS 0x0000000086c00000, 0x0000000086c00000| Untracked 
|  81|0x0000000086d00000, 0x0000000086d00000, 0x0000000086e00000|  0%| F|  |TAMS 0x0000000086d00000, 0x0000000086d00000| Untracked 
|  82|0x0000000086e00000, 0x0000000086e00000, 0x0000000086f00000|  0%| F|  |TAMS 0x0000000086e00000, 0x0000000086e00000| Untracked 
|  83|0x0000000086f00000, 0x0000000086f00000, 0x0000000087000000|  0%| F|  |TAMS 0x0000000086f00000, 0x0000000086f00000| Untracked 
|  84|0x0000000087000000, 0x0000000087000000, 0x0000000087100000|  0%| F|  |TAMS 0x0000000087000000, 0x0000000087000000| Untracked 
|  85|0x0000000087100000, 0x0000000087100000, 0x0000000087200000|  0%| F|  |TAMS 0x0000000087100000, 0x0000000087100000| Untracked 
|  86|0x0000000087200000, 0x0000000087200000, 0x0000000087300000|  0%| F|  |TAMS 0x0000000087200000, 0x0000000087200000| Untracked 
|  87|0x0000000087300000, 0x0000000087300000, 0x0000000087400000|  0%| F|  |TAMS 0x0000000087300000, 0x0000000087300000| Untracked 
|  88|0x0000000087400000, 0x0000000087400000, 0x0000000087500000|  0%| F|  |TAMS 0x0000000087400000, 0x0000000087400000| Untracked 
|  89|0x0000000087500000, 0x0000000087500000, 0x0000000087600000|  0%| F|  |TAMS 0x0000000087500000, 0x0000000087500000| Untracked 
|  90|0x0000000087600000, 0x0000000087600000, 0x0000000087700000|  0%| F|  |TAMS 0x0000000087600000, 0x0000000087600000| Untracked 
|  91|0x0000000087700000, 0x0000000087700000, 0x0000000087800000|  0%| F|  |TAMS 0x0000000087700000, 0x0000000087700000| Untracked 
|  92|0x0000000087800000, 0x0000000087800000, 0x0000000087900000|  0%| F|  |TAMS 0x0000000087800000, 0x0000000087800000| Untracked 
|  93|0x0000000087900000, 0x0000000087900000, 0x0000000087a00000|  0%| F|  |TAMS 0x0000000087900000, 0x0000000087900000| Untracked 
|  94|0x0000000087a00000, 0x0000000087a00000, 0x0000000087b00000|  0%| F|  |TAMS 0x0000000087a00000, 0x0000000087a00000| Untracked 
|  95|0x0000000087b00000, 0x0000000087b00000, 0x0000000087c00000|  0%| F|  |TAMS 0x0000000087b00000, 0x0000000087b00000| Untracked 
|  96|0x0000000087c00000, 0x0000000087c00000, 0x0000000087d00000|  0%| F|  |TAMS 0x0000000087c00000, 0x0000000087c00000| Untracked 
|  97|0x0000000087d00000, 0x0000000087d00000, 0x0000000087e00000|  0%| F|  |TAMS 0x0000000087d00000, 0x0000000087d00000| Untracked 
|  98|0x0000000087e00000, 0x0000000087e00000, 0x0000000087f00000|  0%| F|  |TAMS 0x0000000087e00000, 0x0000000087e00000| Untracked 
|  99|0x0000000087f00000, 0x0000000087f50b80, 0x0000000088000000| 31%| S|CS|TAMS 0x0000000087f00000, 0x0000000087f00000| Complete 
| 100|0x0000000088000000, 0x0000000088100000, 0x0000000088100000|100%| S|CS|TAMS 0x0000000088000000, 0x0000000088000000| Complete 
| 101|0x0000000088100000, 0x0000000088200000, 0x0000000088200000|100%| S|CS|TAMS 0x0000000088100000, 0x0000000088100000| Complete 
| 102|0x0000000088200000, 0x0000000088300000, 0x0000000088300000|100%| S|CS|TAMS 0x0000000088200000, 0x0000000088200000| Complete 
| 103|0x0000000088300000, 0x0000000088300000, 0x0000000088400000|  0%| F|  |TAMS 0x0000000088300000, 0x0000000088300000| Untracked 
| 104|0x0000000088400000, 0x0000000088400000, 0x0000000088500000|  0%| F|  |TAMS 0x0000000088400000, 0x0000000088400000| Untracked 
| 105|0x0000000088500000, 0x0000000088500000, 0x0000000088600000|  0%| F|  |TAMS 0x0000000088500000, 0x0000000088500000| Untracked 
| 106|0x0000000088600000, 0x0000000088600000, 0x0000000088700000|  0%| F|  |TAMS 0x0000000088600000, 0x0000000088600000| Untracked 
| 107|0x0000000088700000, 0x0000000088700000, 0x0000000088800000|  0%| F|  |TAMS 0x0000000088700000, 0x0000000088700000| Untracked 
| 108|0x0000000088800000, 0x0000000088800000, 0x0000000088900000|  0%| F|  |TAMS 0x0000000088800000, 0x0000000088800000| Untracked 
| 109|0x0000000088900000, 0x0000000088900000, 0x0000000088a00000|  0%| F|  |TAMS 0x0000000088900000, 0x0000000088900000| Untracked 
| 110|0x0000000088a00000, 0x0000000088a00000, 0x0000000088b00000|  0%| F|  |TAMS 0x0000000088a00000, 0x0000000088a00000| Untracked 
| 111|0x0000000088b00000, 0x0000000088b00000, 0x0000000088c00000|  0%| F|  |TAMS 0x0000000088b00000, 0x0000000088b00000| Untracked 
| 112|0x0000000088c00000, 0x0000000088c00000, 0x0000000088d00000|  0%| F|  |TAMS 0x0000000088c00000, 0x0000000088c00000| Untracked 
| 113|0x0000000088d00000, 0x0000000088d00000, 0x0000000088e00000|  0%| F|  |TAMS 0x0000000088d00000, 0x0000000088d00000| Untracked 
| 114|0x0000000088e00000, 0x0000000088e00000, 0x0000000088f00000|  0%| F|  |TAMS 0x0000000088e00000, 0x0000000088e00000| Untracked 
| 115|0x0000000088f00000, 0x0000000088f00000, 0x0000000089000000|  0%| F|  |TAMS 0x0000000088f00000, 0x0000000088f00000| Untracked 
| 116|0x0000000089000000, 0x0000000089000000, 0x0000000089100000|  0%| F|  |TAMS 0x0000000089000000, 0x0000000089000000| Untracked 
| 117|0x0000000089100000, 0x0000000089100000, 0x0000000089200000|  0%| F|  |TAMS 0x0000000089100000, 0x0000000089100000| Untracked 
| 118|0x0000000089200000, 0x0000000089200000, 0x0000000089300000|  0%| F|  |TAMS 0x0000000089200000, 0x0000000089200000| Untracked 
| 119|0x0000000089300000, 0x0000000089300000, 0x0000000089400000|  0%| F|  |TAMS 0x0000000089300000, 0x0000000089300000| Untracked 
| 120|0x0000000089400000, 0x0000000089400000, 0x0000000089500000|  0%| F|  |TAMS 0x0000000089400000, 0x0000000089400000| Untracked 
| 121|0x0000000089500000, 0x0000000089600000, 0x0000000089600000|100%| E|  |TAMS 0x0000000089500000, 0x0000000089500000| Complete 
| 122|0x0000000089600000, 0x0000000089700000, 0x0000000089700000|100%| E|CS|TAMS 0x0000000089600000, 0x0000000089600000| Complete 
| 123|0x0000000089700000, 0x0000000089800000, 0x0000000089800000|100%| E|CS|TAMS 0x0000000089700000, 0x0000000089700000| Complete 
| 124|0x0000000089800000, 0x0000000089900000, 0x0000000089900000|100%| E|CS|TAMS 0x0000000089800000, 0x0000000089800000| Complete 
| 125|0x0000000089900000, 0x0000000089a00000, 0x0000000089a00000|100%| E|CS|TAMS 0x0000000089900000, 0x0000000089900000| Complete 
| 126|0x0000000089a00000, 0x0000000089b00000, 0x0000000089b00000|100%| E|CS|TAMS 0x0000000089a00000, 0x0000000089a00000| Complete 
| 127|0x0000000089b00000, 0x0000000089c00000, 0x0000000089c00000|100%| E|CS|TAMS 0x0000000089b00000, 0x0000000089b00000| Complete 

Card table byte_map: [0x000001d5ad0f0000,0x000001d5ad4f0000] _byte_map_base: 0x000001d5acce2000

Marking Bits (Prev, Next): (CMBitMap*) 0x000001d5937903b8, (CMBitMap*) 0x000001d5937903f8
 Prev Bits: [0x000001d5ad8f0000, 0x000001d5af880000)
 Next Bits: [0x000001d5af880000, 0x000001d5b1810000)

Polling page: 0x000001d5935c0000

Metaspace:

Usage:
  Non-class:     10.67 MB capacity,    10.29 MB ( 96%) used,   329.66 KB (  3%) free+waste,    57.13 KB ( <1%) overhead. 
      Class:      1.62 MB capacity,     1.38 MB ( 85%) used,   212.64 KB ( 13%) free+waste,    30.38 KB (  2%) overhead. 
       Both:     12.28 MB capacity,    11.67 MB ( 95%) used,   542.30 KB (  4%) free+waste,    87.50 KB ( <1%) overhead. 

Virtual space:
  Non-class space:       12.00 MB reserved,      10.75 MB ( 90%) committed 
      Class space:        1.00 GB reserved,       1.63 MB ( <1%) committed 
             Both:        1.01 GB reserved,      12.38 MB (  1%) committed 

Chunk freelists:
   Non-Class:  22.00 KB
       Class:  0 bytes
        Both:  22.00 KB

MaxMetaspaceSize: 17179869184.00 GB
CompressedClassSpaceSize: 1.00 GB

CodeHeap 'non-profiled nmethods': size=120000Kb used=749Kb max_used=749Kb free=119250Kb
 bounds [0x000001d5a51a0000, 0x000001d5a5410000, 0x000001d5ac6d0000]
CodeHeap 'profiled nmethods': size=120000Kb used=3623Kb max_used=3623Kb free=116376Kb
 bounds [0x000001d59dc70000, 0x000001d59e000000, 0x000001d5a51a0000]
CodeHeap 'non-nmethods': size=5760Kb used=1212Kb max_used=1242Kb free=4547Kb
 bounds [0x000001d59d6d0000, 0x000001d59d940000, 0x000001d59dc70000]
 total_blobs=2955 nmethods=1785 adapters=388
 compilation: enabled
              stopped_count=0, restarted_count=0
 full_count=0

Compilation events (20 events):
Event: 1.899 Thread 0x000001d5b3e5f800 1749       4       java.util.zip.Inflater::ensureOpen (47 bytes)
Event: 1.899 Thread 0x000001d5b3e5f800 nmethod 1749 0x000001d5a5257c10 code [0x000001d5a5257da0, 0x000001d5a5257e78]
Event: 1.899 Thread 0x000001d5b3e5f800 1750   !   4       java.util.zip.Inflater::inflate (418 bytes)
Event: 1.904 Thread 0x000001d5b3e5f800 nmethod 1750 0x000001d5a5257f10 code [0x000001d5a52581a0, 0x000001d5a5258af8]
Event: 1.904 Thread 0x000001d5b3e5f800 1744       4       java.lang.String::indexOf (64 bytes)
Event: 1.905 Thread 0x000001d5b3e5f800 nmethod 1744 0x000001d5a5259190 code [0x000001d5a5259340, 0x000001d5a52595b8]
Event: 2.118 Thread 0x000001d5b3e70000 1762       3       java.util.regex.Pattern$BmpCharPredicate$$Lambda$60/0x0000000800bb2840::is (13 bytes)
Event: 2.119 Thread 0x000001d5b3e70000 nmethod 1762 0x000001d59dfd9c90 code [0x000001d59dfd9e60, 0x000001d59dfda298]
Event: 2.119 Thread 0x000001d5b3e70000 1763       3       java.util.regex.Pattern$BmpCharPredicate::lambda$union$2 (26 bytes)
Event: 2.120 Thread 0x000001d5b3e70000 nmethod 1763 0x000001d59dfda410 code [0x000001d59dfda5c0, 0x000001d59dfda918]
Event: 2.325 Thread 0x000001d5b3e5f800 1764   !   4       java.util.zip.InflaterInputStream::read (138 bytes)
Event: 2.340 Thread 0x000001d5b3e5f800 nmethod 1764 0x000001d5a5259690 code [0x000001d5a5259980, 0x000001d5a525a678]
Event: 2.555 Thread 0x000001d5b3e70000 1765       3       java.util.HashMap::afterNodeRemoval (1 bytes)
Event: 2.555 Thread 0x000001d5b3e70000 nmethod 1765 0x000001d59dfdaa10 code [0x000001d59dfdaba0, 0x000001d59dfdacb8]
Event: 2.555 Thread 0x000001d5b3e70000 1766       3       org.threeten.bp.temporal.ChronoField::checkValidValue (10 bytes)
Event: 2.555 Thread 0x000001d5b3e70000 nmethod 1766 0x000001d59dfdad90 code [0x000001d59dfdaf40, 0x000001d59dfdb0a8]
Event: 2.555 Thread 0x000001d5b3e70000 1767       3       org.threeten.bp.temporal.ValueRange::checkValidValue (95 bytes)
Event: 2.557 Thread 0x000001d5b3e70000 nmethod 1767 0x000001d59dfdb190 code [0x000001d59dfdb5a0, 0x000001d59dfdcf28]
Event: 2.685 Thread 0x000001d5b3e70000 1768       3       java.nio.Buffer::remaining (10 bytes)
Event: 2.685 Thread 0x000001d5b3e70000 nmethod 1768 0x000001d59dfdd810 code [0x000001d59dfdd9a0, 0x000001d59dfddab8]

GC Heap History (6 events):
Event: 0.507 GC heap before
{Heap before GC invocations=0 (full 0):
 garbage-first heap   total 131072K, used 13312K [0x0000000081c00000, 0x0000000100000000)
  region size 1024K, 13 young (13312K), 0 survivors (0K)
 Metaspace       used 2506K, capacity 5263K, committed 5504K, reserved 1056768K
  class space    used 267K, capacity 522K, committed 640K, reserved 1048576K
}
Event: 0.512 GC heap after
{Heap after GC invocations=1 (full 0):
 garbage-first heap   total 131072K, used 5527K [0x0000000081c00000, 0x0000000100000000)
  region size 1024K, 2 young (2048K), 2 survivors (2048K)
 Metaspace       used 2506K, capacity 5263K, committed 5504K, reserved 1056768K
  class space    used 267K, capacity 522K, committed 640K, reserved 1048576K
}
Event: 0.836 GC heap before
{Heap before GC invocations=1 (full 0):
 garbage-first heap   total 131072K, used 18839K [0x0000000081c00000, 0x0000000100000000)
  region size 1024K, 15 young (15360K), 2 survivors (2048K)
 Metaspace       used 4639K, capacity 7083K, committed 7424K, reserved 1056768K
  class space    used 602K, capacity 925K, committed 1024K, reserved 1048576K
}
Event: 0.839 GC heap after
{Heap after GC invocations=2 (full 0):
 garbage-first heap   total 131072K, used 6333K [0x0000000081c00000, 0x0000000100000000)
  region size 1024K, 1 young (1024K), 1 survivors (1024K)
 Metaspace       used 4639K, capacity 7083K, committed 7424K, reserved 1056768K
  class space    used 602K, capacity 925K, committed 1024K, reserved 1048576K
}
Event: 1.370 GC heap before
{Heap before GC invocations=2 (full 0):
 garbage-first heap   total 131072K, used 29885K [0x0000000081c00000, 0x0000000100000000)
  region size 1024K, 25 young (25600K), 1 survivors (1024K)
 Metaspace       used 10848K, capacity 11389K, committed 11520K, reserved 1058816K
  class space    used 1291K, capacity 1493K, committed 1536K, reserved 1048576K
}
Event: 1.374 GC heap after
{Heap after GC invocations=3 (full 0):
 garbage-first heap   total 131072K, used 8957K [0x0000000081c00000, 0x0000000100000000)
  region size 1024K, 4 young (4096K), 4 survivors (4096K)
 Metaspace       used 10848K, capacity 11389K, committed 11520K, reserved 1058816K
  class space    used 1291K, capacity 1493K, committed 1536K, reserved 1048576K
}

Deoptimization events (20 events):
Event: 1.438 Thread 0x000001d593752800 Uncommon trap: trap_request=0xffffff45 fr.pc=0x000001d5a5242cd8 relative=0x00000000000007b8
Event: 1.438 Thread 0x000001d593752800 Uncommon trap: reason=unstable_if action=reinterpret pc=0x000001d5a5242cd8 method=org.sqlite.SQLiteJDBCLoader.contentsEquals(Ljava/io/InputStream;Ljava/io/InputStream;)Z @ 39 c2
Event: 1.438 Thread 0x000001d593752800 DEOPT PACKING pc=0x000001d5a5242cd8 sp=0x0000006a72ffc0d0
Event: 1.438 Thread 0x000001d593752800 DEOPT UNPACKING pc=0x000001d59d71912f sp=0x0000006a72ffc0a8 mode 2
Event: 1.444 Thread 0x000001d593752800 DEOPT PACKING pc=0x000001d59df75d7b sp=0x0000006a72ffaa60
Event: 1.444 Thread 0x000001d593752800 DEOPT UNPACKING pc=0x000001d59d71964e sp=0x0000006a72ff9ed0 mode 0
Event: 1.767 Thread 0x000001d593752800 DEOPT PACKING pc=0x000001d59ddaa91f sp=0x0000006a72ff7820
Event: 1.767 Thread 0x000001d593752800 DEOPT UNPACKING pc=0x000001d59d71964e sp=0x0000006a72ff6ca8 mode 0
Event: 1.769 Thread 0x000001d593752800 Uncommon trap: trap_request=0xffffffc6 fr.pc=0x000001d5a5238ecc relative=0x000000000000048c
Event: 1.769 Thread 0x000001d593752800 Uncommon trap: reason=bimorphic_or_optimized_type_check action=maybe_recompile pc=0x000001d5a5238ecc method=java.util.HashMap.getNode(ILjava/lang/Object;)Ljava/util/HashMap$Node; @ 126 c2
Event: 1.769 Thread 0x000001d593752800 DEOPT PACKING pc=0x000001d5a5238ecc sp=0x0000006a72ffb120
Event: 1.769 Thread 0x000001d593752800 DEOPT UNPACKING pc=0x000001d59d71912f sp=0x0000006a72ffb038 mode 2
Event: 1.771 Thread 0x000001d593752800 Uncommon trap: trap_request=0xffffffc6 fr.pc=0x000001d5a5238ecc relative=0x000000000000048c
Event: 1.771 Thread 0x000001d593752800 Uncommon trap: reason=bimorphic_or_optimized_type_check action=maybe_recompile pc=0x000001d5a5238ecc method=java.util.HashMap.getNode(ILjava/lang/Object;)Ljava/util/HashMap$Node; @ 126 c2
Event: 1.771 Thread 0x000001d593752800 DEOPT PACKING pc=0x000001d5a5238ecc sp=0x0000006a72ffa720
Event: 1.771 Thread 0x000001d593752800 DEOPT UNPACKING pc=0x000001d59d71912f sp=0x0000006a72ffa638 mode 2
Event: 2.780 Thread 0x000001d5b4fba800 Uncommon trap: trap_request=0xffffff45 fr.pc=0x000001d5a52244d4 relative=0x0000000000000254
Event: 2.780 Thread 0x000001d5b4fba800 Uncommon trap: reason=unstable_if action=reinterpret pc=0x000001d5a52244d4 method=java.util.HashMap.putVal(ILjava/lang/Object;Ljava/lang/Object;ZZ)Ljava/lang/Object; @ 162 c2
Event: 2.780 Thread 0x000001d5b4fba800 DEOPT PACKING pc=0x000001d5a52244d4 sp=0x0000006a742fed40
Event: 2.780 Thread 0x000001d5b4fba800 DEOPT UNPACKING pc=0x000001d59d71912f sp=0x0000006a742fed00 mode 2

Classes unloaded (0 events):
No events

Classes redefined (0 events):
No events

Internal exceptions (20 events):
Event: 0.758 Thread 0x000001d593752800 Exception <a 'java/lang/NoSuchMethodError'{0x0000000089234998}: 'java.lang.Object java.lang.invoke.DirectMethodHandle$Holder.invokeVirtual(java.lang.Object, java.lang.Object, java.lang.Object)'> (0x0000000089234998) 
thrown [t:/workspace/open/src/hotspot/share/interpreter/linkResolver.cpp, line 766]
Event: 0.772 Thread 0x000001d593752800 Exception <a 'java/lang/NoSuchMethodError'{0x00000000891441e8}: 'java.lang.Object java.lang.invoke.Invokers$Holder.invokeExact_MT(java.lang.Object, java.lang.Object, java.lang.Object, java.lang.Object, java.lang.Object, java.lang.Object)'> (0x00000000891441e8) 
thrown [t:/workspace/open/src/hotspot/share/interpreter/linkResolver.cpp, line 766]
Event: 0.774 Thread 0x000001d593752800 Exception <a 'java/lang/NoSuchMethodError'{0x000000008914e890}: 'int java.lang.invoke.DirectMethodHandle$Holder.invokeStatic(java.lang.Object, java.lang.Object, java.lang.Object, java.lang.Object, java.lang.Object)'> (0x000000008914e890) 
thrown [t:/workspace/open/src/hotspot/share/interpreter/linkResolver.cpp, line 766]
Event: 0.777 Thread 0x000001d593752800 Exception <a 'java/lang/NoSuchMethodError'{0x0000000089185d78}: 'void java.lang.invoke.DirectMethodHandle$Holder.invokeSpecial(java.lang.Object, java.lang.Object, java.lang.Object, java.lang.Object)'> (0x0000000089185d78) 
thrown [t:/workspace/open/src/hotspot/share/interpreter/linkResolver.cpp, line 766]
Event: 0.788 Thread 0x000001d593752800 Exception <a 'java/lang/NoSuchMethodError'{0x00000000891f75d8}: 'void java.lang.invoke.DirectMethodHandle$Holder.invokeSpecial(java.lang.Object, java.lang.Object)'> (0x00000000891f75d8) 
thrown [t:/workspace/open/src/hotspot/share/interpreter/linkResolver.cpp, line 766]
Event: 0.811 Thread 0x000001d593752800 Exception <a 'java/lang/NoSuchMethodError'{0x0000000088f2caa8}: 'int java.lang.invoke.DirectMethodHandle$Holder.invokeStaticInit(java.lang.Object, java.lang.Object, java.lang.Object)'> (0x0000000088f2caa8) 
thrown [t:/workspace/open/src/hotspot/share/interpreter/linkResolver.cpp, line 766]
Event: 0.845 Thread 0x000001d593752800 Exception <a 'java/lang/IncompatibleClassChangeError'{0x0000000089b3a668}: Found class java.lang.Object, but interface was expected> (0x0000000089b3a668) 
thrown [t:/workspace/open/src/hotspot/share/interpreter/linkResolver.cpp, line 832]
Event: 0.857 Thread 0x000001d593752800 Exception <a 'java/lang/NoSuchMethodError'{0x0000000089a03dc8}: 'java.lang.Object java.lang.invoke.Invokers$Holder.linkToTargetMethod(java.lang.Object, java.lang.Object, java.lang.Object, java.lang.Object, java.lang.Object, java.lang.Object, java.lang.Object)'> (0x0000000089a03dc8) 
thrown [t:/workspace/open/src/hotspot/share/interpreter/linkResolver.cpp, line 766]
Event: 0.858 Thread 0x000001d593752800 Exception <a 'java/lang/NoSuchMethodError'{0x0000000089a0dce8}: 'java.lang.Object java.lang.invoke.DirectMethodHandle$Holder.invokeInterface(java.lang.Object, java.lang.Object, java.lang.Object, java.lang.Object, java.lang.Object)'> (0x0000000089a0dce8) 
thrown [t:/workspace/open/src/hotspot/share/interpreter/linkResolver.cpp, line 766]
Event: 0.858 Thread 0x000001d593752800 Exception <a 'java/lang/IncompatibleClassChangeError'{0x0000000089a10ff0}: Found class java.lang.Object, but interface was expected> (0x0000000089a10ff0) 
thrown [t:/workspace/open/src/hotspot/share/interpreter/linkResolver.cpp, line 832]
Event: 0.922 Thread 0x000001d593752800 Implicit null exception at 0x000001d5a5203f31 to 0x000001d5a5205647
Event: 1.037 Thread 0x000001d593752800 Exception <a 'java/lang/NoSuchMethodError'{0x00000000890b9950}: 'java.lang.Object java.lang.invoke.DirectMethodHandle$Holder.invokeStatic(java.lang.Object, java.lang.Object, int, java.lang.Object)'> (0x00000000890b9950) 
thrown [t:/workspace/open/src/hotspot/share/interpreter/linkResolver.cpp, line 766]
Event: 1.038 Thread 0x000001d593752800 Exception <a 'java/lang/NoSuchMethodError'{0x00000000890c02e0}: 'java.lang.Object java.lang.invoke.Invokers$Holder.linkToTargetMethod(java.lang.Object, int, java.lang.Object)'> (0x00000000890c02e0) 
thrown [t:/workspace/open/src/hotspot/share/interpreter/linkResolver.cpp, line 766]
Event: 1.172 Thread 0x000001d593752800 Exception <a 'java/lang/NoSuchMethodError'{0x0000000088adfc30}: 'java.lang.Object java.lang.invoke.DirectMethodHandle$Holder.invokeStaticInit(java.lang.Object, int, int, int, int)'> (0x0000000088adfc30) 
thrown [t:/workspace/open/src/hotspot/share/interpreter/linkResolver.cpp, line 766]
Event: 1.173 Thread 0x000001d593752800 Exception <a 'sun/nio/fs/WindowsException'{0x0000000088ae5c40}> (0x0000000088ae5c40) 
thrown [t:/workspace/open/src/hotspot/share/prims/jni.cpp, line 599]
Event: 1.192 Thread 0x000001d593752800 Exception <a 'java/lang/NoSuchMethodError'{0x0000000088911fb8}: 'int java.lang.invoke.DirectMethodHandle$Holder.invokeStaticInit(java.lang.Object, java.lang.Object, java.lang.Object, java.lang.Object)'> (0x0000000088911fb8) 
thrown [t:/workspace/open/src/hotspot/share/interpreter/linkResolver.cpp, line 766]
Event: 1.193 Thread 0x000001d593752800 Exception <a 'java/lang/IncompatibleClassChangeError'{0x000000008891a780}: Found class java.lang.Object, but interface was expected> (0x000000008891a780) 
thrown [t:/workspace/open/src/hotspot/share/interpreter/linkResolver.cpp, line 832]
Event: 1.193 Thread 0x000001d593752800 Exception <a 'java/lang/NoSuchMethodError'{0x000000008891d8a8}: 'void java.lang.invoke.DirectMethodHandle$Holder.invokeStaticInit(java.lang.Object, java.lang.Object)'> (0x000000008891d8a8) 
thrown [t:/workspace/open/src/hotspot/share/interpreter/linkResolver.cpp, line 766]
Event: 1.195 Thread 0x000001d593752800 Exception <a 'java/lang/NoSuchMethodError'{0x0000000088922bd8}: 'int java.lang.invoke.DirectMethodHandle$Holder.invokeStaticInit(java.lang.Object, java.lang.Object)'> (0x0000000088922bd8) 
thrown [t:/workspace/open/src/hotspot/share/interpreter/linkResolver.cpp, line 766]
Event: 1.294 Thread 0x000001d593752800 Exception <a 'java/lang/NoSuchMethodError'{0x0000000088686f80}: 'java.lang.Object java.lang.invoke.DirectMethodHandle$Holder.invokeStaticInit(java.lang.Object, java.lang.Object, int, int, int, int)'> (0x0000000088686f80) 
thrown [t:/workspace/open/src/hotspot/share/interpreter/linkResolver.cpp, line 766]

Events (20 events):
Event: 2.686 Executing VM operation: HandshakeOneThread
Event: 2.686 Executing VM operation: HandshakeOneThread done
Event: 2.686 Executing VM operation: HandshakeOneThread
Event: 2.686 Executing VM operation: HandshakeOneThread done
Event: 2.686 Executing VM operation: HandshakeOneThread
Event: 2.686 Executing VM operation: HandshakeOneThread done
Event: 2.686 Executing VM operation: HandshakeOneThread
Event: 2.686 Executing VM operation: HandshakeOneThread done
Event: 2.686 Executing VM operation: HandshakeOneThread
Event: 2.686 Executing VM operation: HandshakeOneThread done
Event: 2.686 Executing VM operation: HandshakeOneThread
Event: 2.686 Executing VM operation: HandshakeOneThread done
Event: 2.686 Executing VM operation: HandshakeOneThread
Event: 2.686 Executing VM operation: HandshakeOneThread done
Event: 2.686 Executing VM operation: HandshakeOneThread
Event: 2.686 Executing VM operation: HandshakeOneThread done
Event: 2.686 Executing VM operation: HandshakeOneThread
Event: 2.686 Executing VM operation: HandshakeOneThread done
Event: 2.686 Executing VM operation: BulkRevokeBias
Event: 2.687 Executing VM operation: BulkRevokeBias done


Dynamic libraries:
0x00007ff6a8d90000 - 0x00007ff6a8d9f000 	C:\Program Files (x86)\Java\jdk-14\bin\java.exe
0x00007ff8c2130000 - 0x00007ff8c2325000 	C:\WINDOWS\SYSTEM32\ntdll.dll
0x00007ff8c0730000 - 0x00007ff8c07ed000 	C:\WINDOWS\System32\KERNEL32.DLL
0x00007ff8bfe10000 - 0x00007ff8c00d8000 	C:\WINDOWS\System32\KERNELBASE.dll
0x00007ff8bf8d0000 - 0x00007ff8bf9d0000 	C:\WINDOWS\System32\ucrtbase.dll
0x00007ff8ab140000 - 0x00007ff8ab155000 	C:\Program Files (x86)\Java\jdk-14\bin\VCRUNTIME140.dll
0x00007ff8aaea0000 - 0x00007ff8aaeb8000 	C:\Program Files (x86)\Java\jdk-14\bin\jli.dll
0x00007ff8c0a80000 - 0x00007ff8c0b2c000 	C:\WINDOWS\System32\ADVAPI32.dll
0x00007ff8c1cb0000 - 0x00007ff8c1d4e000 	C:\WINDOWS\System32\msvcrt.dll
0x00007ff8c0920000 - 0x00007ff8c09bb000 	C:\WINDOWS\System32\sechost.dll
0x00007ff8c0600000 - 0x00007ff8c072b000 	C:\WINDOWS\System32\RPCRT4.dll
0x00007ff8c19b0000 - 0x00007ff8c1b50000 	C:\WINDOWS\System32\USER32.dll
0x00007ff8bfcc0000 - 0x00007ff8bfce2000 	C:\WINDOWS\System32\win32u.dll
0x00007ff8c0b30000 - 0x00007ff8c0b5a000 	C:\WINDOWS\System32\GDI32.dll
0x00007ff8bfbb0000 - 0x00007ff8bfcbb000 	C:\WINDOWS\System32\gdi32full.dll
0x00007ff8bfcf0000 - 0x00007ff8bfd8d000 	C:\WINDOWS\System32\msvcp_win.dll
0x00007ff8acd00000 - 0x00007ff8acf9a000 	C:\WINDOWS\WinSxS\amd64_microsoft.windows.common-controls_6595b64144ccf1df_6.0.19041.844_none_ca00b6081b84eb1d\COMCTL32.dll
0x00007ff8b92d0000 - 0x00007ff8b92da000 	C:\WINDOWS\SYSTEM32\VERSION.dll
0x00007ff8c0a50000 - 0x00007ff8c0a80000 	C:\WINDOWS\System32\IMM32.DLL
0x00007ff87a780000 - 0x00007ff87a81b000 	C:\Program Files (x86)\Java\jdk-14\bin\msvcp140.dll
0x00007ff86cfd0000 - 0x00007ff86daef000 	C:\Program Files (x86)\Java\jdk-14\bin\server\jvm.dll
0x00007ff8c1e10000 - 0x00007ff8c1e18000 	C:\WINDOWS\System32\PSAPI.DLL
0x00007ff8b65b0000 - 0x00007ff8b65b9000 	C:\WINDOWS\SYSTEM32\WSOCK32.dll
0x00007ff8c1320000 - 0x00007ff8c138b000 	C:\WINDOWS\System32\WS2_32.dll
0x00007ff8b2080000 - 0x00007ff8b20a7000 	C:\WINDOWS\SYSTEM32\WINMM.dll
0x00007ff8bd7d0000 - 0x00007ff8bd7e2000 	C:\WINDOWS\SYSTEM32\kernel.appcore.dll
0x00007ff8bd0e0000 - 0x00007ff8bd0ea000 	C:\Program Files (x86)\Java\jdk-14\bin\jimage.dll
0x00007ff8a5f20000 - 0x00007ff8a6104000 	C:\WINDOWS\SYSTEM32\DBGHELP.DLL
0x00007ff8a5e50000 - 0x00007ff8a5e7c000 	C:\WINDOWS\SYSTEM32\dbgcore.DLL
0x00007ff8bfd90000 - 0x00007ff8bfe10000 	C:\WINDOWS\System32\bcryptPrimitives.dll
0x00007ff8a8b30000 - 0x00007ff8a8b3e000 	C:\Program Files (x86)\Java\jdk-14\bin\instrument.dll
0x00007ff8a8ae0000 - 0x00007ff8a8b05000 	C:\Program Files (x86)\Java\jdk-14\bin\java.dll
0x00007ff8a8f60000 - 0x00007ff8a8f77000 	C:\Program Files (x86)\Java\jdk-14\bin\zip.dll
0x00007ff8c0b60000 - 0x00007ff8c12a2000 	C:\WINDOWS\System32\SHELL32.dll
0x00007ff8bd9d0000 - 0x00007ff8be161000 	C:\WINDOWS\SYSTEM32\windows.storage.dll
0x00007ff8c01f0000 - 0x00007ff8c0545000 	C:\WINDOWS\System32\combase.dll
0x00007ff8bf290000 - 0x00007ff8bf2bc000 	C:\WINDOWS\SYSTEM32\Wldp.dll
0x00007ff8c0550000 - 0x00007ff8c05fe000 	C:\WINDOWS\System32\SHCORE.dll
0x00007ff8c1b50000 - 0x00007ff8c1ba5000 	C:\WINDOWS\System32\shlwapi.dll
0x00007ff8bf7b0000 - 0x00007ff8bf7cf000 	C:\WINDOWS\SYSTEM32\profapi.dll
0x00007ff89de50000 - 0x00007ff89de69000 	C:\Program Files (x86)\Java\jdk-14\bin\net.dll
0x00007ff8b1cc0000 - 0x00007ff8b1dcb000 	C:\WINDOWS\SYSTEM32\WINHTTP.dll
0x00007ff8bef80000 - 0x00007ff8befea000 	C:\WINDOWS\system32\mswsock.dll
0x00007ff89de30000 - 0x00007ff89de42000 	C:\Program Files (x86)\Java\jdk-14\bin\nio.dll
0x00007ff8b10f0000 - 0x00007ff8b1100000 	C:\Program Files (x86)\Java\jdk-14\bin\verify.dll
0x00007ff8a8b10000 - 0x00007ff8a8b2a000 	C:\Program Files\JetBrains\IntelliJ IDEA Community Edition 2019.3.2\bin\breakgen64.dll
0x00007ff8a43a0000 - 0x00007ff8a43ae000 	C:\Program Files (x86)\Java\jdk-14\bin\sunmscapi.dll
0x00007ff8bfa20000 - 0x00007ff8bfb7f000 	C:\WINDOWS\System32\CRYPT32.dll
0x00007ff8bf350000 - 0x00007ff8bf377000 	C:\WINDOWS\SYSTEM32\ncrypt.dll
0x00007ff8bf310000 - 0x00007ff8bf34b000 	C:\WINDOWS\SYSTEM32\NTASN1.dll
0x00007ff8961f0000 - 0x00007ff896215000 	C:\Program Files (x86)\Java\jdk-14\bin\sunec.dll
0x00007ff8bf1b0000 - 0x00007ff8bf1c8000 	C:\WINDOWS\SYSTEM32\CRYPTSP.dll
0x00007ff8be920000 - 0x00007ff8be954000 	C:\WINDOWS\system32\rsaenh.dll
0x00007ff8bfb80000 - 0x00007ff8bfba7000 	C:\WINDOWS\System32\bcrypt.dll
0x00007ff8bf730000 - 0x00007ff8bf75e000 	C:\WINDOWS\SYSTEM32\USERENV.dll
0x00007ff8bf1d0000 - 0x00007ff8bf1dc000 	C:\WINDOWS\SYSTEM32\CRYPTBASE.dll
0x00007ff8bec70000 - 0x00007ff8becab000 	C:\WINDOWS\SYSTEM32\IPHLPAPI.DLL
0x00007ff8c1d50000 - 0x00007ff8c1d58000 	C:\WINDOWS\System32\NSI.dll
0x00007ff8b9470000 - 0x00007ff8b9487000 	C:\WINDOWS\SYSTEM32\dhcpcsvc6.DLL
0x00007ff8b92e0000 - 0x00007ff8b92fd000 	C:\WINDOWS\SYSTEM32\dhcpcsvc.DLL
0x00007ff8becb0000 - 0x00007ff8bed7c000 	C:\WINDOWS\SYSTEM32\DNSAPI.dll
0x0000000067740000 - 0x0000000067818000 	C:\Users\krill\AppData\Local\Temp\sqlite-3.34.0-cff9cb5e-1579-45e9-a222-95a3a4e03419-sqlitejdbc.dll

dbghelp: loaded successfully - version: 4.0.5 - missing functions: none
symbol engine: initialized successfully - sym options: 0x614 - pdb path: .;C:\Program Files (x86)\Java\jdk-14\bin;C:\WINDOWS\SYSTEM32;C:\WINDOWS\WinSxS\amd64_microsoft.windows.common-controls_6595b64144ccf1df_6.0.19041.844_none_ca00b6081b84eb1d;C:\Program Files (x86)\Java\jdk-14\bin\server;C:\Program Files\JetBrains\IntelliJ IDEA Community Edition 2019.3.2\bin;C:\Users\krill\AppData\Local\Temp

VM Arguments:
jvm_args: -ea -Didea.test.cyclic.buffer.size=1048576 -javaagent:C:\Program Files\JetBrains\IntelliJ IDEA Community Edition 2019.3.2\lib\idea_rt.jar=61773:C:\Program Files\JetBrains\IntelliJ IDEA Community Edition 2019.3.2\bin -Dfile.encoding=UTF-8 
java_command: com.intellij.rt.junit.JUnitStarter -ideVersion5 -junit5 com.group3.monitorClient.messenger.lazyMessenger.LazyMessenger_Test,RequirementsTest
java_class_path (initial): C:\Program Files\JetBrains\IntelliJ IDEA Community Edition 2019.3.2\lib\idea_rt.jar;C:\Program Files\JetBrains\IntelliJ IDEA Community Edition 2019.3.2\plugins\junit\lib\junit5-rt.jar;C:\Program Files\JetBrains\IntelliJ IDEA Community Edition 2019.3.2\plugins\junit\lib\junit-rt.jar;D:\skole\programmering\P6\Project\Group3-monitoring-distributed-systems\Monitor-Client\target\test-classes;D:\skole\programmering\P6\Project\Group3-monitoring-distributed-systems\Monitor-Client\target\classes;C:\Users\krill\.m2\repository\io\swagger\swagger-annotations\1.6.2\swagger-annotations-1.6.2.jar;C:\Users\krill\.m2\repository\io\springfox\springfox-spring-web\2.9.2\springfox-spring-web-2.9.2.jar;C:\Users\krill\.m2\repository\com\google\guava\guava\20.0\guava-20.0.jar;C:\Users\krill\.m2\repository\com\fasterxml\classmate\1.5.1\classmate-1.5.1.jar;C:\Users\krill\.m2\repository\org\slf4j\slf4j-api\1.7.30\slf4j-api-1.7.30.jar;C:\Users\krill\.m2\repository\org\springframework\plugin\spring-plugin-core\1.2.0.RELEASE\spring-plugin-core-1.2.0.RELEASE.jar;C:\Users\krill\.m2\repository\org\springframework\spring-context\5.3.3\spring-context-5.3.3.jar;C:\Users\krill\.m2\repository\org\springframework\spring-aop\5.3.3\spring-aop-5.3.3.jar;C:\Users\krill\.m2\repository\org\springframework\plugin\spring-plugin-metadata\1.2.0.RELEASE\spring-plugin-metadata-1.2.0.RELEASE.jar;C:\Users\krill\.m2\repository\io\springfox\springfox-spi\2.9.2\springfox-spi-2.9.2.jar;C:\Users\krill\.m2\repository\io\springfox\springfox-core\2.9.2\springfox-core-2.9.2.jar;C:\Users\krill\.m2\repository\org\springframework\boot\spring-boot-starter-web\2.4.2\spring-boot-starter-web-2.4.2.jar;C:\Users\krill\.m2\repository\org\springframework\boot\spring-boot-starter\2.4.2\spring-boot-starter-2.4.2.jar;C:\Users\krill\.m2\repository\org\springframework\boot\spring-boot\2.4.2\spring-boot-2.4.2.jar;C:\Users\krill\.m2\repository\org\springframework\boot\spring-boot-autoconfigure\2.4.2\spring-boot-auto
Launcher Type: SUN_STANDARD

[Global flags]
     intx CICompilerCount                          = 3                                         {product} {ergonomic}
     uint ConcGCThreads                            = 1                                         {product} {ergonomic}
     uint G1ConcRefinementThreads                  = 4                                         {product} {ergonomic}
   size_t G1HeapRegionSize                         = 1048576                                   {product} {ergonomic}
    uintx GCDrainStackTargetSize                   = 64                                        {product} {ergonomic}
   size_t InitialHeapSize                          = 134217728                                 {product} {ergonomic}
   size_t MarkStackSize                            = 4194304                                   {product} {ergonomic}
   size_t MaxHeapSize                              = 2118123520                                {product} {ergonomic}
   size_t MaxNewSize                               = 1270874112                                {product} {ergonomic}
   size_t MinHeapDeltaBytes                        = 1048576                                   {product} {ergonomic}
   size_t MinHeapSize                              = 8388608                                   {product} {ergonomic}
    uintx NonNMethodCodeHeapSize                   = 5832780                                {pd product} {ergonomic}
    uintx NonProfiledCodeHeapSize                  = 122912730                              {pd product} {ergonomic}
    uintx ProfiledCodeHeapSize                     = 122912730                              {pd product} {ergonomic}
    uintx ReservedCodeCacheSize                    = 251658240                              {pd product} {ergonomic}
     bool SegmentedCodeCache                       = true                                      {product} {ergonomic}
   size_t SoftMaxHeapSize                          = 2118123520                             {manageable} {ergonomic}
     bool UseCompressedClassPointers               = true                                 {lp64_product} {ergonomic}
     bool UseCompressedOops                        = true                                 {lp64_product} {ergonomic}
     bool UseG1GC                                  = true                                      {product} {ergonomic}
     bool UseLargePagesIndividualAllocation        = false                                  {pd product} {ergonomic}

Logging:
Log output configuration:
 #0: stdout all=warning uptime,level,tags
 #1: stderr all=off uptime,level,tags

Environment Variables:
JAVA_HOME=C:\Program Files (x86)\Java\jdk-14\bin
PATH=C:\Python39\Scripts\;C:\Python39\;C:\Windows\system32;C:\Windows;C:\Windows\System32\Wbem;C:\Windows\System32\WindowsPowerShell\v1.0\;C:\Windows\System32\OpenSSH\;C:\Program Files\NVIDIA Corporation\NVIDIA NvDLISR;C:\Program Files (x86)\NVIDIA Corporation\PhysX\Common;C:\Program Files\Microsoft SQL Server\130\Tools\Binn\;C:\Program Files\dotnet\;C:\WINDOWS\system32;C:\WINDOWS;C:\WINDOWS\System32\Wbem;C:\WINDOWS\System32\WindowsPowerShell\v1.0\;C:\WINDOWS\System32\OpenSSH\;C:\Program Files\nodejs\;C:\ProgramData\chocolatey\bin;C:\Program Files (x86)\Java\jdk-14\bin;C:\Program Files (x86)\Common Files\Oracle\Java\javapath;C:\Program Files (x86)\Java\jre1.8.0_241\bin;C:\Users\krill\AppData\Local\Microsoft\WindowsApps;C:\Users\krill\AppData\Local\GitHubDesktop\bin;C:\Users\krill\Documents\apache-maven-3.6.3\bin;D:\skole\Imperrativ_programmering\P4\P4---cEX\graphviz-2.38\release\bin;;C:\Users\krill\AppData\Local\Programs\Microsoft VS Code\bin;C:\Users\krill\.dotnet\tools;C:\Users\krill\AppData\Local\Microsoft\WindowsApps;C:\Users\krill\AppData\Roaming\npm
USERNAME=krill
OS=Windows_NT
PROCESSOR_IDENTIFIER=Intel64 Family 6 Model 58 Stepping 9, GenuineIntel



---------------  S Y S T E M  ---------------

OS: Windows 10 , 64 bit Build 19041 (10.0.19041.928)
OS uptime: 2 days 1:36 hours

CPU:total 4 (initial active 4) (4 cores per cpu, 1 threads per core) family 6 model 58 stepping 9, cmov, cx8, fxsr, mmx, sse, sse2, sse3, ssse3, sse4.1, sse4.2, popcnt, avx, aes, clmul, erms, tsc, tscinvbit, tscinv

Memory: 4k page, system-wide physical 8077M (1281M free)
TotalPageFile size 12173M (AvailPageFile size 2548M)
current process WorkingSet (physical memory assigned to process): 104M, peak: 106M
current process commit charge ("private bytes"): 236M, peak: 239M

vm_info: Java HotSpot(TM) 64-Bit Server VM (14+36-1461) for windows-amd64 JRE (14+36-1461), built on Feb  6 2020 19:08:04 by "mach5one" with MS VC++ 15.9 (VS2017)

END.
